2019-04-24 23:18:02.934 TRACE 30984 --- [nio-8080-exec-9] o.s.jdbc.core.StatementCreatorUtils      : Setting SQL statement parameter value: column index 2, parameter value [409], value class [java.lang.String], SQL type unknown
2019-04-24 23:18:02.935  INFO 30984 --- [nio-8080-exec-9] j.g.s.service.AnswerAttendServiceImpl    : answerAttenDanceBatu end: {ANSWER_COUNT=0}
2019-04-24 23:18:02.935  INFO 30984 --- [nio-8080-exec-9] j.g.s.service.AnswerAttendServiceImpl    : answerAttenDanceMaru start
2019-04-24 23:18:02.935 TRACE 30984 --- [nio-8080-exec-9] o.s.jdbc.core.StatementCreatorUtils      : Setting SQL statement parameter value: column index 1, parameter value [2019/12/22 11:11], value class [java.lang.String], SQL type unknown
2019-04-24 23:18:02.935 TRACE 30984 --- [nio-8080-exec-9] o.s.jdbc.core.StatementCreatorUtils      : Setting SQL statement parameter value: column index 2, parameter value [409], value class [java.lang.String], SQL type unknown
2019-04-24 23:18:02.935  INFO 30984 --- [nio-8080-exec-9] j.g.s.service.AnswerAttendServiceImpl    : answerAttenDanceMaru end: {ANSWER_COUNT=1}
2019-04-24 23:18:02.935  INFO 30984 --- [nio-8080-exec-9] j.g.s.service.AnswerAttendServiceImpl    : answerAttenDanceSankaku start
2019-04-24 23:18:02.935 TRACE 30984 --- [nio-8080-exec-9] o.s.jdbc.core.StatementCreatorUtils      : Setting SQL statement parameter value: column index 1, parameter value [2019/12/22 11:11], value class [java.lang.String], SQL type unknown
2019-04-24 23:18:02.935 TRACE 30984 --- [nio-8080-exec-9] o.s.jdbc.core.StatementCreatorUtils      : Setting SQL statement parameter value: column index 2, parameter value [409], value class [java.lang.String], SQL type unknown
2019-04-24 23:18:02.936  INFO 30984 --- [nio-8080-exec-9] j.g.s.service.AnswerAttendServiceImpl    : answerAttenDanceSankaku end: {ANSWER_COUNT=0}
2019-04-24 23:18:02.936  INFO 30984 --- [nio-8080-exec-9] j.g.s.service.AnswerAttendServiceImpl    : answerAttenDanceBatu start
2019-04-24 23:18:02.936 TRACE 30984 --- [nio-8080-exec-9] o.s.jdbc.core.StatementCreatorUtils      : Setting SQL statement parameter value: column index 1, parameter value [2019/12/22 11:11], value class [java.lang.String], SQL type unknown
2019-04-24 23:18:02.936 TRACE 30984 --- [nio-8080-exec-9] o.s.jdbc.core.StatementCreatorUtils      : Setting SQL statement parameter value: column index 2, parameter value [409], value class [java.lang.String], SQL type unknown
2019-04-24 23:18:02.936  INFO 30984 --- [nio-8080-exec-9] j.g.s.service.AnswerAttendServiceImpl    : answerAttenDanceBatu end: {ANSWER_COUNT=0}
2019-04-24 23:18:02.936  INFO 30984 --- [nio-8080-exec-9] j.g.s.service.AnswerAttendServiceImpl    : answerAttenDanceMaru start
2019-04-24 23:18:02.936 TRACE 30984 --- [nio-8080-exec-9] o.s.jdbc.core.StatementCreatorUtils      : Setting SQL statement parameter value: column index 1, parameter value [2019/12/23 11:11], value class [java.lang.String], SQL type unknown
2019-04-24 23:18:02.936 TRACE 30984 --- [nio-8080-exec-9] o.s.jdbc.core.StatementCreatorUtils      : Setting SQL statement parameter value: column index 2, parameter value [409], value class [java.lang.String], SQL type unknown
2019-04-24 23:18:02.936  INFO 30984 --- [nio-8080-exec-9] j.g.s.service.AnswerAttendServiceImpl    : answerAttenDanceMaru end: {ANSWER_COUNT=1}
2019-04-24 23:18:02.936  INFO 30984 --- [nio-8080-exec-9] j.g.s.service.AnswerAttendServiceImpl    : answerAttenDanceSankaku start
2019-04-24 23:18:02.936 TRACE 30984 --- [nio-8080-exec-9] o.s.jdbc.core.StatementCreatorUtils      : Setting SQL statement parameter value: column index 1, parameter value [2019/12/23 11:11], value class [java.lang.String], SQL type unknown
2019-04-24 23:18:02.936 TRACE 30984 --- [nio-8080-exec-9] o.s.jdbc.core.StatementCreatorUtils      : Setting SQL statement parameter value: column index 2, parameter value [409], value class [java.lang.String], SQL type unknown
2019-04-24 23:18:02.937  INFO 30984 --- [nio-8080-exec-9] j.g.s.service.AnswerAttendServiceImpl    : answerAttenDanceSankaku end: {ANSWER_COUNT=0}
2019-04-24 23:18:02.937  INFO 30984 --- [nio-8080-exec-9] j.g.s.service.AnswerAttendServiceImpl    : answerAttenDanceBatu start
2019-04-24 23:18:02.937 TRACE 30984 --- [nio-8080-exec-9] o.s.jdbc.core.StatementCreatorUtils      : Setting SQL statement parameter value: column index 1, parameter value [2019/12/23 11:11], value class [java.lang.String], SQL type unknown
2019-04-24 23:18:02.937 TRACE 30984 --- [nio-8080-exec-9] o.s.jdbc.core.StatementCreatorUtils      : Setting SQL statement parameter value: column index 2, parameter value [409], value class [java.lang.String], SQL type unknown
2019-04-24 23:18:02.937  INFO 30984 --- [nio-8080-exec-9] j.g.s.service.AnswerAttendServiceImpl    : answerAttenDanceBatu end: {ANSWER_COUNT=0}
2019-04-24 23:18:02.937  INFO 30984 --- [nio-8080-exec-9] j.g.s.service.AnswerAttendServiceImpl    : answerAttenDanceMaru start
2019-04-24 23:18:02.937 TRACE 30984 --- [nio-8080-exec-9] o.s.jdbc.core.StatementCreatorUtils      : Setting SQL statement parameter value: column index 1, parameter value [2019/12/24 11:11], value class [java.lang.String], SQL type unknown
2019-04-24 23:18:02.937 TRACE 30984 --- [nio-8080-exec-9] o.s.jdbc.core.StatementCreatorUtils      : Setting SQL statement parameter value: column index 2, parameter value [409], value class [java.lang.String], SQL type unknown
2019-04-24 23:18:02.937  INFO 30984 --- [nio-8080-exec-9] j.g.s.service.AnswerAttendServiceImpl    : answerAttenDanceMaru end: {ANSWER_COUNT=1}
2019-04-24 23:18:02.937  INFO 30984 --- [nio-8080-exec-9] j.g.s.service.AnswerAttendServiceImpl    : answerAttenDanceSankaku start
2019-04-24 23:18:02.937 TRACE 30984 --- [nio-8080-exec-9] o.s.jdbc.core.StatementCreatorUtils      : Setting SQL statement parameter value: column index 1, parameter value [2019/12/24 11:11], value class [java.lang.String], SQL type unknown
2019-04-24 23:18:02.938 TRACE 30984 --- [nio-8080-exec-9] o.s.jdbc.core.StatementCreatorUtils      : Setting SQL statement parameter value: column index 2, parameter value [409], value class [java.lang.String], SQL type unknown
2019-04-24 23:18:02.938  INFO 30984 --- [nio-8080-exec-9] j.g.s.service.AnswerAttendServiceImpl    : answerAttenDanceSankaku end: {ANSWER_COUNT=0}
2019-04-24 23:18:02.938  INFO 30984 --- [nio-8080-exec-9] j.g.s.service.AnswerAttendServiceImpl    : answerAttenDanceBatu start
2019-04-24 23:18:02.938 TRACE 30984 --- [nio-8080-exec-9] o.s.jdbc.core.StatementCreatorUtils      : Setting SQL statement parameter value: column index 1, parameter value [2019/12/24 11:11], value class [java.lang.String], SQL type unknown
2019-04-24 23:18:02.938 TRACE 30984 --- [nio-8080-exec-9] o.s.jdbc.core.StatementCreatorUtils      : Setting SQL statement parameter value: column index 2, parameter value [409], value class [java.lang.String], SQL type unknown
2019-04-24 23:18:02.938  INFO 30984 --- [nio-8080-exec-9] j.g.s.service.AnswerAttendServiceImpl    : answerAttenDanceBatu end: {ANSWER_COUNT=0}
2019-04-24 23:18:02.938  INFO 30984 --- [nio-8080-exec-9] j.g.s.service.AnswerAttendServiceImpl    : answerAttenDanceMaru start
2019-04-24 23:18:02.938 TRACE 30984 --- [nio-8080-exec-9] o.s.jdbc.core.StatementCreatorUtils      : Setting SQL statement parameter value: column index 1, parameter value [2019/12/25 11:11], value class [java.lang.String], SQL type unknown
2019-04-24 23:18:02.938 TRACE 30984 --- [nio-8080-exec-9] o.s.jdbc.core.StatementCreatorUtils      : Setting SQL statement parameter value: column index 2, parameter value [409], value class [java.lang.String], SQL type unknown
2019-04-24 23:18:02.939  INFO 30984 --- [nio-8080-exec-9] j.g.s.service.AnswerAttendServiceImpl    : answerAttenDanceMaru end: {ANSWER_COUNT=1}
2019-04-24 23:18:02.939  INFO 30984 --- [nio-8080-exec-9] j.g.s.service.AnswerAttendServiceImpl    : answerAttenDanceSankaku start
2019-04-24 23:18:02.939 TRACE 30984 --- [nio-8080-exec-9] o.s.jdbc.core.StatementCreatorUtils      : Setting SQL statement parameter value: column index 1, parameter value [2019/12/25 11:11], value class [java.lang.String], SQL type unknown
2019-04-24 23:18:02.939 TRACE 30984 --- [nio-8080-exec-9] o.s.jdbc.core.StatementCreatorUtils      : Setting SQL statement parameter value: column index 2, parameter value [409], value class [java.lang.String], SQL type unknown
2019-04-24 23:18:02.939  INFO 30984 --- [nio-8080-exec-9] j.g.s.service.AnswerAttendServiceImpl    : answerAttenDanceSankaku end: {ANSWER_COUNT=0}
2019-04-24 23:18:02.939  INFO 30984 --- [nio-8080-exec-9] j.g.s.service.AnswerAttendServiceImpl    : answerAttenDanceBatu start
2019-04-24 23:18:02.939 TRACE 30984 --- [nio-8080-exec-9] o.s.jdbc.core.StatementCreatorUtils      : Setting SQL statement parameter value: column index 1, parameter value [2019/12/25 11:11], value class [java.lang.String], SQL type unknown
2019-04-24 23:18:02.939 TRACE 30984 --- [nio-8080-exec-9] o.s.jdbc.core.StatementCreatorUtils      : Setting SQL statement parameter value: column index 2, parameter value [409], value class [java.lang.String], SQL type unknown
2019-04-24 23:18:02.939  INFO 30984 --- [nio-8080-exec-9] j.g.s.service.AnswerAttendServiceImpl    : answerAttenDanceBatu end: {ANSWER_COUNT=0}
2019-04-24 23:18:02.939  INFO 30984 --- [nio-8080-exec-9] j.g.s.service.AnswerAttendServiceImpl    : answerAttenDanceMaru start
2019-04-24 23:18:02.940 TRACE 30984 --- [nio-8080-exec-9] o.s.jdbc.core.StatementCreatorUtils      : Setting SQL statement parameter value: column index 1, parameter value [2019/12/26 11:11], value class [java.lang.String], SQL type unknown
2019-04-24 23:18:02.940 TRACE 30984 --- [nio-8080-exec-9] o.s.jdbc.core.StatementCreatorUtils      : Setting SQL statement parameter value: column index 2, parameter value [409], value class [java.lang.String], SQL type unknown
2019-04-24 23:18:02.940  INFO 30984 --- [nio-8080-exec-9] j.g.s.service.AnswerAttendServiceImpl    : answerAttenDanceMaru end: {ANSWER_COUNT=1}
2019-04-24 23:18:02.940  INFO 30984 --- [nio-8080-exec-9] j.g.s.service.AnswerAttendServiceImpl    : answerAttenDanceSankaku start
2019-04-24 23:18:02.940 TRACE 30984 --- [nio-8080-exec-9] o.s.jdbc.core.StatementCreatorUtils      : Setting SQL statement parameter value: column index 1, parameter value [2019/12/26 11:11], value class [java.lang.String], SQL type unknown
2019-04-24 23:18:02.940 TRACE 30984 --- [nio-8080-exec-9] o.s.jdbc.core.StatementCreatorUtils      : Setting SQL statement parameter value: column index 2, parameter value [409], value class [java.lang.String], SQL type unknown
2019-04-24 23:18:02.940  INFO 30984 --- [nio-8080-exec-9] j.g.s.service.AnswerAttendServiceImpl    : answerAttenDanceSankaku end: {ANSWER_COUNT=0}
2019-04-24 23:18:02.940  INFO 30984 --- [nio-8080-exec-9] j.g.s.service.AnswerAttendServiceImpl    : answerAttenDanceBatu start
2019-04-24 23:18:02.940 TRACE 30984 --- [nio-8080-exec-9] o.s.jdbc.core.StatementCreatorUtils      : Setting SQL statement parameter value: column index 1, parameter value [2019/12/26 11:11], value class [java.lang.String], SQL type unknown
2019-04-24 23:18:02.940 TRACE 30984 --- [nio-8080-exec-9] o.s.jdbc.core.StatementCreatorUtils      : Setting SQL statement parameter value: column index 2, parameter value [409], value class [java.lang.String], SQL type unknown
2019-04-24 23:18:02.941  INFO 30984 --- [nio-8080-exec-9] j.g.s.service.AnswerAttendServiceImpl    : answerAttenDanceBatu end: {ANSWER_COUNT=0}
2019-04-24 23:18:02.941  INFO 30984 --- [nio-8080-exec-9] j.g.s.service.AnswerAttendServiceImpl    : answerAttenDanceMaru start
2019-04-24 23:18:02.941 TRACE 30984 --- [nio-8080-exec-9] o.s.jdbc.core.StatementCreatorUtils      : Setting SQL statement parameter value: column index 1, parameter value [2019/12/27 11:11], value class [java.lang.String], SQL type unknown
2019-04-24 23:18:02.941 TRACE 30984 --- [nio-8080-exec-9] o.s.jdbc.core.StatementCreatorUtils      : Setting SQL statement parameter value: column index 2, parameter value [409], value class [java.lang.String], SQL type unknown
2019-04-24 23:18:02.941  INFO 30984 --- [nio-8080-exec-9] j.g.s.service.AnswerAttendServiceImpl    : answerAttenDanceMaru end: {ANSWER_COUNT=1}
2019-04-24 23:18:02.941  INFO 30984 --- [nio-8080-exec-9] j.g.s.service.AnswerAttendServiceImpl    : answerAttenDanceSankaku start
2019-04-24 23:18:02.941 TRACE 30984 --- [nio-8080-exec-9] o.s.jdbc.core.StatementCreatorUtils      : Setting SQL statement parameter value: column index 1, parameter value [2019/12/27 11:11], value class [java.lang.String], SQL type unknown
2019-04-24 23:18:02.941 TRACE 30984 --- [nio-8080-exec-9] o.s.jdbc.core.StatementCreatorUtils      : Setting SQL statement parameter value: column index 2, parameter value [409], value class [java.lang.String], SQL type unknown
2019-04-24 23:18:02.941  INFO 30984 --- [nio-8080-exec-9] j.g.s.service.AnswerAttendServiceImpl    : answerAttenDanceSankaku end: {ANSWER_COUNT=0}
2019-04-24 23:18:02.941  INFO 30984 --- [nio-8080-exec-9] j.g.s.service.AnswerAttendServiceImpl    : answerAttenDanceBatu start
2019-04-24 23:18:02.941 TRACE 30984 --- [nio-8080-exec-9] o.s.jdbc.core.StatementCreatorUtils      : Setting SQL statement parameter value: column index 1, parameter value [2019/12/27 11:11], value class [java.lang.String], SQL type unknown
2019-04-24 23:18:02.941 TRACE 30984 --- [nio-8080-exec-9] o.s.jdbc.core.StatementCreatorUtils      : Setting SQL statement parameter value: column index 2, parameter value [409], value class [java.lang.String], SQL type unknown
2019-04-24 23:18:02.942  INFO 30984 --- [nio-8080-exec-9] j.g.s.service.AnswerAttendServiceImpl    : answerAttenDanceBatu end: {ANSWER_COUNT=0}
2019-04-24 23:18:02.942  INFO 30984 --- [nio-8080-exec-9] j.g.s.service.AnswerAttendServiceImpl    : answerAttenDanceMaru start
2019-04-24 23:18:02.942 TRACE 30984 --- [nio-8080-exec-9] o.s.jdbc.core.StatementCreatorUtils      : Setting SQL statement parameter value: column index 1, parameter value [2019/12/28 11:11], value class [java.lang.String], SQL type unknown
2019-04-24 23:18:02.942 TRACE 30984 --- [nio-8080-exec-9] o.s.jdbc.core.StatementCreatorUtils      : Setting SQL statement parameter value: column index 2, parameter value [409], value class [java.lang.String], SQL type unknown
2019-04-24 23:18:02.942  INFO 30984 --- [nio-8080-exec-9] j.g.s.service.AnswerAttendServiceImpl    : answerAttenDanceMaru end: {ANSWER_COUNT=1}
2019-04-24 23:18:02.942  INFO 30984 --- [nio-8080-exec-9] j.g.s.service.AnswerAttendServiceImpl    : answerAttenDanceSankaku start
2019-04-24 23:18:02.942 TRACE 30984 --- [nio-8080-exec-9] o.s.jdbc.core.StatementCreatorUtils      : Setting SQL statement parameter value: column index 1, parameter value [2019/12/28 11:11], value class [java.lang.String], SQL type unknown
2019-04-24 23:18:02.942 TRACE 30984 --- [nio-8080-exec-9] o.s.jdbc.core.StatementCreatorUtils      : Setting SQL statement parameter value: column index 2, parameter value [409], value class [java.lang.String], SQL type unknown
2019-04-24 23:18:02.942  INFO 30984 --- [nio-8080-exec-9] j.g.s.service.AnswerAttendServiceImpl    : answerAttenDanceSankaku end: {ANSWER_COUNT=0}
2019-04-24 23:18:02.942  INFO 30984 --- [nio-8080-exec-9] j.g.s.service.AnswerAttendServiceImpl    : answerAttenDanceBatu start
2019-04-24 23:18:02.942 TRACE 30984 --- [nio-8080-exec-9] o.s.jdbc.core.StatementCreatorUtils      : Setting SQL statement parameter value: column index 1, parameter value [2019/12/28 11:11], value class [java.lang.String], SQL type unknown
2019-04-24 23:18:02.942 TRACE 30984 --- [nio-8080-exec-9] o.s.jdbc.core.StatementCreatorUtils      : Setting SQL statement parameter value: column index 2, parameter value [409], value class [java.lang.String], SQL type unknown
2019-04-24 23:18:02.943  INFO 30984 --- [nio-8080-exec-9] j.g.s.service.AnswerAttendServiceImpl    : answerAttenDanceBatu end: {ANSWER_COUNT=0}
2019-04-24 23:18:02.943  INFO 30984 --- [nio-8080-exec-9] j.g.s.service.AnswerAttendServiceImpl    : answerAttenDanceMaru start
2019-04-24 23:18:02.943 TRACE 30984 --- [nio-8080-exec-9] o.s.jdbc.core.StatementCreatorUtils      : Setting SQL statement parameter value: column index 1, parameter value [2019/12/29 11:11], value class [java.lang.String], SQL type unknown
2019-04-24 23:18:02.943 TRACE 30984 --- [nio-8080-exec-9] o.s.jdbc.core.StatementCreatorUtils      : Setting SQL statement parameter value: column index 2, parameter value [409], value class [java.lang.String], SQL type unknown
2019-04-24 23:18:02.943  INFO 30984 --- [nio-8080-exec-9] j.g.s.service.AnswerAttendServiceImpl    : answerAttenDanceMaru end: {ANSWER_COUNT=1}
2019-04-24 23:18:02.943  INFO 30984 --- [nio-8080-exec-9] j.g.s.service.AnswerAttendServiceImpl    : answerAttenDanceSankaku start
2019-04-24 23:18:02.943 TRACE 30984 --- [nio-8080-exec-9] o.s.jdbc.core.StatementCreatorUtils      : Setting SQL statement parameter value: column index 1, parameter value [2019/12/29 11:11], value class [java.lang.String], SQL type unknown
2019-04-24 23:18:02.943 TRACE 30984 --- [nio-8080-exec-9] o.s.jdbc.core.StatementCreatorUtils      : Setting SQL statement parameter value: column index 2, parameter value [409], value class [java.lang.String], SQL type unknown
2019-04-24 23:18:02.943  INFO 30984 --- [nio-8080-exec-9] j.g.s.service.AnswerAttendServiceImpl    : answerAttenDanceSankaku end: {ANSWER_COUNT=0}
2019-04-24 23:18:02.943  INFO 30984 --- [nio-8080-exec-9] j.g.s.service.AnswerAttendServiceImpl    : answerAttenDanceBatu start
2019-04-24 23:18:02.943 TRACE 30984 --- [nio-8080-exec-9] o.s.jdbc.core.StatementCreatorUtils      : Setting SQL statement parameter value: column index 1, parameter value [2019/12/29 11:11], value class [java.lang.String], SQL type unknown
2019-04-24 23:18:02.943 TRACE 30984 --- [nio-8080-exec-9] o.s.jdbc.core.StatementCreatorUtils      : Setting SQL statement parameter value: column index 2, parameter value [409], value class [java.lang.String], SQL type unknown
2019-04-24 23:18:02.944  INFO 30984 --- [nio-8080-exec-9] j.g.s.service.AnswerAttendServiceImpl    : answerAttenDanceBatu end: {ANSWER_COUNT=0}
2019-04-24 23:18:02.944  INFO 30984 --- [nio-8080-exec-9] j.g.s.service.AnswerAttendServiceImpl    : answerAttenDanceMaru start
2019-04-24 23:18:02.944 TRACE 30984 --- [nio-8080-exec-9] o.s.jdbc.core.StatementCreatorUtils      : Setting SQL statement parameter value: column index 1, parameter value [2019/12/30 11:11], value class [java.lang.String], SQL type unknown
2019-04-24 23:18:02.944 TRACE 30984 --- [nio-8080-exec-9] o.s.jdbc.core.StatementCreatorUtils      : Setting SQL statement parameter value: column index 2, parameter value [409], value class [java.lang.String], SQL type unknown
2019-04-24 23:18:02.944  INFO 30984 --- [nio-8080-exec-9] j.g.s.service.AnswerAttendServiceImpl    : answerAttenDanceMaru end: {ANSWER_COUNT=1}
2019-04-24 23:18:02.944  INFO 30984 --- [nio-8080-exec-9] j.g.s.service.AnswerAttendServiceImpl    : answerAttenDanceSankaku start
2019-04-24 23:18:02.944 TRACE 30984 --- [nio-8080-exec-9] o.s.jdbc.core.StatementCreatorUtils      : Setting SQL statement parameter value: column index 1, parameter value [2019/12/30 11:11], value class [java.lang.String], SQL type unknown
2019-04-24 23:18:02.944 TRACE 30984 --- [nio-8080-exec-9] o.s.jdbc.core.StatementCreatorUtils      : Setting SQL statement parameter value: column index 2, parameter value [409], value class [java.lang.String], SQL type unknown
2019-04-24 23:18:02.944  INFO 30984 --- [nio-8080-exec-9] j.g.s.service.AnswerAttendServiceImpl    : answerAttenDanceSankaku end: {ANSWER_COUNT=0}
2019-04-24 23:18:02.944  INFO 30984 --- [nio-8080-exec-9] j.g.s.service.AnswerAttendServiceImpl    : answerAttenDanceBatu start
2019-04-24 23:18:02.944 TRACE 30984 --- [nio-8080-exec-9] o.s.jdbc.core.StatementCreatorUtils      : Setting SQL statement parameter value: column index 1, parameter value [2019/12/30 11:11], value class [java.lang.String], SQL type unknown
2019-04-24 23:18:02.944 TRACE 30984 --- [nio-8080-exec-9] o.s.jdbc.core.StatementCreatorUtils      : Setting SQL statement parameter value: column index 2, parameter value [409], value class [java.lang.String], SQL type unknown
2019-04-24 23:18:02.945  INFO 30984 --- [nio-8080-exec-9] j.g.s.service.AnswerAttendServiceImpl    : answerAttenDanceBatu end: {ANSWER_COUNT=0}
2019-04-24 23:18:02.945  INFO 30984 --- [nio-8080-exec-9] j.g.s.service.AnswerAttendServiceImpl    : answerAttenDanceMaru start
2019-04-24 23:18:02.945 TRACE 30984 --- [nio-8080-exec-9] o.s.jdbc.core.StatementCreatorUtils      : Setting SQL statement parameter value: column index 1, parameter value [2019/12/31 11:11], value class [java.lang.String], SQL type unknown
2019-04-24 23:18:02.945 TRACE 30984 --- [nio-8080-exec-9] o.s.jdbc.core.StatementCreatorUtils      : Setting SQL statement parameter value: column index 2, parameter value [409], value class [java.lang.String], SQL type unknown
2019-04-24 23:18:02.945  INFO 30984 --- [nio-8080-exec-9] j.g.s.service.AnswerAttendServiceImpl    : answerAttenDanceMaru end: {ANSWER_COUNT=1}
2019-04-24 23:18:02.945  INFO 30984 --- [nio-8080-exec-9] j.g.s.service.AnswerAttendServiceImpl    : answerAttenDanceSankaku start
2019-04-24 23:18:02.945 TRACE 30984 --- [nio-8080-exec-9] o.s.jdbc.core.StatementCreatorUtils      : Setting SQL statement parameter value: column index 1, parameter value [2019/12/31 11:11], value class [java.lang.String], SQL type unknown
2019-04-24 23:18:02.945 TRACE 30984 --- [nio-8080-exec-9] o.s.jdbc.core.StatementCreatorUtils      : Setting SQL statement parameter value: column index 2, parameter value [409], value class [java.lang.String], SQL type unknown
2019-04-24 23:18:02.945  INFO 30984 --- [nio-8080-exec-9] j.g.s.service.AnswerAttendServiceImpl    : answerAttenDanceSankaku end: {ANSWER_COUNT=0}
2019-04-24 23:18:02.945  INFO 30984 --- [nio-8080-exec-9] j.g.s.service.AnswerAttendServiceImpl    : answerAttenDanceBatu start
2019-04-24 23:18:02.945 TRACE 30984 --- [nio-8080-exec-9] o.s.jdbc.core.StatementCreatorUtils      : Setting SQL statement parameter value: column index 1, parameter value [2019/12/31 11:11], value class [java.lang.String], SQL type unknown
2019-04-24 23:18:02.945 TRACE 30984 --- [nio-8080-exec-9] o.s.jdbc.core.StatementCreatorUtils      : Setting SQL statement parameter value: column index 2, parameter value [409], value class [java.lang.String], SQL type unknown
2019-04-24 23:18:02.946  INFO 30984 --- [nio-8080-exec-9] j.g.s.service.AnswerAttendServiceImpl    : answerAttenDanceBatu end: {ANSWER_COUNT=0}
2019-04-24 23:18:02.946  INFO 30984 --- [nio-8080-exec-9] j.g.s.service.AnswerAttendServiceImpl    : answerAttenDanceMaru start
2019-04-24 23:18:02.946 TRACE 30984 --- [nio-8080-exec-9] o.s.jdbc.core.StatementCreatorUtils      : Setting SQL statement parameter value: column index 1, parameter value [2020/1/1 11:11], value class [java.lang.String], SQL type unknown
2019-04-24 23:18:02.946 TRACE 30984 --- [nio-8080-exec-9] o.s.jdbc.core.StatementCreatorUtils      : Setting SQL statement parameter value: column index 2, parameter value [409], value class [java.lang.String], SQL type unknown
2019-04-24 23:18:02.946  INFO 30984 --- [nio-8080-exec-9] j.g.s.service.AnswerAttendServiceImpl    : answerAttenDanceMaru end: {ANSWER_COUNT=1}
2019-04-24 23:18:02.946  INFO 30984 --- [nio-8080-exec-9] j.g.s.service.AnswerAttendServiceImpl    : answerAttenDanceSankaku start
2019-04-24 23:18:02.946 TRACE 30984 --- [nio-8080-exec-9] o.s.jdbc.core.StatementCreatorUtils      : Setting SQL statement parameter value: column index 1, parameter value [2020/1/1 11:11], value class [java.lang.String], SQL type unknown
2019-04-24 23:18:02.946 TRACE 30984 --- [nio-8080-exec-9] o.s.jdbc.core.StatementCreatorUtils      : Setting SQL statement parameter value: column index 2, parameter value [409], value class [java.lang.String], SQL type unknown
2019-04-24 23:18:02.946  INFO 30984 --- [nio-8080-exec-9] j.g.s.service.AnswerAttendServiceImpl    : answerAttenDanceSankaku end: {ANSWER_COUNT=0}
2019-04-24 23:18:02.946  INFO 30984 --- [nio-8080-exec-9] j.g.s.service.AnswerAttendServiceImpl    : answerAttenDanceBatu start
2019-04-24 23:18:02.946 TRACE 30984 --- [nio-8080-exec-9] o.s.jdbc.core.StatementCreatorUtils      : Setting SQL statement parameter value: column index 1, parameter value [2020/1/1 11:11], value class [java.lang.String], SQL type unknown
2019-04-24 23:18:02.946 TRACE 30984 --- [nio-8080-exec-9] o.s.jdbc.core.StatementCreatorUtils      : Setting SQL statement parameter value: column index 2, parameter value [409], value class [java.lang.String], SQL type unknown
2019-04-24 23:18:02.947  INFO 30984 --- [nio-8080-exec-9] j.g.s.service.AnswerAttendServiceImpl    : answerAttenDanceBatu end: {ANSWER_COUNT=0}
2019-04-24 23:18:02.947  INFO 30984 --- [nio-8080-exec-9] j.g.s.service.AnswerAttendServiceImpl    : answerAttenDanceMaru start
2019-04-24 23:18:02.947 TRACE 30984 --- [nio-8080-exec-9] o.s.jdbc.core.StatementCreatorUtils      : Setting SQL statement parameter value: column index 1, parameter value [2020/1/2 11:11], value class [java.lang.String], SQL type unknown
2019-04-24 23:18:02.947 TRACE 30984 --- [nio-8080-exec-9] o.s.jdbc.core.StatementCreatorUtils      : Setting SQL statement parameter value: column index 2, parameter value [409], value class [java.lang.String], SQL type unknown
2019-04-24 23:18:02.947  INFO 30984 --- [nio-8080-exec-9] j.g.s.service.AnswerAttendServiceImpl    : answerAttenDanceMaru end: {ANSWER_COUNT=1}
2019-04-24 23:18:02.947  INFO 30984 --- [nio-8080-exec-9] j.g.s.service.AnswerAttendServiceImpl    : answerAttenDanceSankaku start
2019-04-24 23:18:02.947 TRACE 30984 --- [nio-8080-exec-9] o.s.jdbc.core.StatementCreatorUtils      : Setting SQL statement parameter value: column index 1, parameter value [2020/1/2 11:11], value class [java.lang.String], SQL type unknown
2019-04-24 23:18:02.947 TRACE 30984 --- [nio-8080-exec-9] o.s.jdbc.core.StatementCreatorUtils      : Setting SQL statement parameter value: column index 2, parameter value [409], value class [java.lang.String], SQL type unknown
2019-04-24 23:18:02.947  INFO 30984 --- [nio-8080-exec-9] j.g.s.service.AnswerAttendServiceImpl    : answerAttenDanceSankaku end: {ANSWER_COUNT=0}
2019-04-24 23:18:02.947  INFO 30984 --- [nio-8080-exec-9] j.g.s.service.AnswerAttendServiceImpl    : answerAttenDanceBatu start
2019-04-24 23:18:02.947 TRACE 30984 --- [nio-8080-exec-9] o.s.jdbc.core.StatementCreatorUtils      : Setting SQL statement parameter value: column index 1, parameter value [2020/1/2 11:11], value class [java.lang.String], SQL type unknown
2019-04-24 23:18:02.947 TRACE 30984 --- [nio-8080-exec-9] o.s.jdbc.core.StatementCreatorUtils      : Setting SQL statement parameter value: column index 2, parameter value [409], value class [java.lang.String], SQL type unknown
2019-04-24 23:18:02.948  INFO 30984 --- [nio-8080-exec-9] j.g.s.service.AnswerAttendServiceImpl    : answerAttenDanceBatu end: {ANSWER_COUNT=0}
2019-04-24 23:18:02.948  INFO 30984 --- [nio-8080-exec-9] j.g.s.service.AnswerAttendServiceImpl    : answerAttenDanceMaru start
2019-04-24 23:18:02.948 TRACE 30984 --- [nio-8080-exec-9] o.s.jdbc.core.StatementCreatorUtils      : Setting SQL statement parameter value: column index 1, parameter value [2020/1/3 11:11], value class [java.lang.String], SQL type unknown
2019-04-24 23:18:02.948 TRACE 30984 --- [nio-8080-exec-9] o.s.jdbc.core.StatementCreatorUtils      : Setting SQL statement parameter value: column index 2, parameter value [409], value class [java.lang.String], SQL type unknown
2019-04-24 23:18:02.948  INFO 30984 --- [nio-8080-exec-9] j.g.s.service.AnswerAttendServiceImpl    : answerAttenDanceMaru end: {ANSWER_COUNT=1}
2019-04-24 23:18:02.948  INFO 30984 --- [nio-8080-exec-9] j.g.s.service.AnswerAttendServiceImpl    : answerAttenDanceSankaku start
2019-04-24 23:18:02.948 TRACE 30984 --- [nio-8080-exec-9] o.s.jdbc.core.StatementCreatorUtils      : Setting SQL statement parameter value: column index 1, parameter value [2020/1/3 11:11], value class [java.lang.String], SQL type unknown
2019-04-24 23:18:02.948 TRACE 30984 --- [nio-8080-exec-9] o.s.jdbc.core.StatementCreatorUtils      : Setting SQL statement parameter value: column index 2, parameter value [409], value class [java.lang.String], SQL type unknown
2019-04-24 23:18:02.949  INFO 30984 --- [nio-8080-exec-9] j.g.s.service.AnswerAttendServiceImpl    : answerAttenDanceSankaku end: {ANSWER_COUNT=0}
2019-04-24 23:18:02.949  INFO 30984 --- [nio-8080-exec-9] j.g.s.service.AnswerAttendServiceImpl    : answerAttenDanceBatu start
2019-04-24 23:18:02.949 TRACE 30984 --- [nio-8080-exec-9] o.s.jdbc.core.StatementCreatorUtils      : Setting SQL statement parameter value: column index 1, parameter value [2020/1/3 11:11], value class [java.lang.String], SQL type unknown
2019-04-24 23:18:02.949 TRACE 30984 --- [nio-8080-exec-9] o.s.jdbc.core.StatementCreatorUtils      : Setting SQL statement parameter value: column index 2, parameter value [409], value class [java.lang.String], SQL type unknown
2019-04-24 23:18:02.949  INFO 30984 --- [nio-8080-exec-9] j.g.s.service.AnswerAttendServiceImpl    : answerAttenDanceBatu end: {ANSWER_COUNT=0}
2019-04-24 23:18:02.949  INFO 30984 --- [nio-8080-exec-9] j.g.s.service.AnswerAttendServiceImpl    : answerAttenDanceMaru start
2019-04-24 23:18:02.949 TRACE 30984 --- [nio-8080-exec-9] o.s.jdbc.core.StatementCreatorUtils      : Setting SQL statement parameter value: column index 1, parameter value [2020/1/4 11:11], value class [java.lang.String], SQL type unknown
2019-04-24 23:18:02.949 TRACE 30984 --- [nio-8080-exec-9] o.s.jdbc.core.StatementCreatorUtils      : Setting SQL statement parameter value: column index 2, parameter value [409], value class [java.lang.String], SQL type unknown
2019-04-24 23:18:02.949  INFO 30984 --- [nio-8080-exec-9] j.g.s.service.AnswerAttendServiceImpl    : answerAttenDanceMaru end: {ANSWER_COUNT=1}
2019-04-24 23:18:02.949  INFO 30984 --- [nio-8080-exec-9] j.g.s.service.AnswerAttendServiceImpl    : answerAttenDanceSankaku start
2019-04-24 23:18:02.949 TRACE 30984 --- [nio-8080-exec-9] o.s.jdbc.core.StatementCreatorUtils      : Setting SQL statement parameter value: column index 1, parameter value [2020/1/4 11:11], value class [java.lang.String], SQL type unknown
2019-04-24 23:18:02.949 TRACE 30984 --- [nio-8080-exec-9] o.s.jdbc.core.StatementCreatorUtils      : Setting SQL statement parameter value: column index 2, parameter value [409], value class [java.lang.String], SQL type unknown
2019-04-24 23:18:02.950  INFO 30984 --- [nio-8080-exec-9] j.g.s.service.AnswerAttendServiceImpl    : answerAttenDanceSankaku end: {ANSWER_COUNT=0}
2019-04-24 23:18:02.950  INFO 30984 --- [nio-8080-exec-9] j.g.s.service.AnswerAttendServiceImpl    : answerAttenDanceBatu start
2019-04-24 23:18:02.950 TRACE 30984 --- [nio-8080-exec-9] o.s.jdbc.core.StatementCreatorUtils      : Setting SQL statement parameter value: column index 1, parameter value [2020/1/4 11:11], value class [java.lang.String], SQL type unknown
2019-04-24 23:18:02.950 TRACE 30984 --- [nio-8080-exec-9] o.s.jdbc.core.StatementCreatorUtils      : Setting SQL statement parameter value: column index 2, parameter value [409], value class [java.lang.String], SQL type unknown
2019-04-24 23:18:02.950  INFO 30984 --- [nio-8080-exec-9] j.g.s.service.AnswerAttendServiceImpl    : answerAttenDanceBatu end: {ANSWER_COUNT=0}
2019-04-24 23:18:02.950  INFO 30984 --- [nio-8080-exec-9] j.g.s.service.AnswerAttendServiceImpl    : answerAttenDanceMaru start
2019-04-24 23:18:02.950 TRACE 30984 --- [nio-8080-exec-9] o.s.jdbc.core.StatementCreatorUtils      : Setting SQL statement parameter value: column index 1, parameter value [2020/1/5 11:11], value class [java.lang.String], SQL type unknown
2019-04-24 23:18:02.950 TRACE 30984 --- [nio-8080-exec-9] o.s.jdbc.core.StatementCreatorUtils      : Setting SQL statement parameter value: column index 2, parameter value [409], value class [java.lang.String], SQL type unknown
2019-04-24 23:18:02.950  INFO 30984 --- [nio-8080-exec-9] j.g.s.service.AnswerAttendServiceImpl    : answerAttenDanceMaru end: {ANSWER_COUNT=1}
2019-04-24 23:18:02.950  INFO 30984 --- [nio-8080-exec-9] j.g.s.service.AnswerAttendServiceImpl    : answerAttenDanceSankaku start
2019-04-24 23:18:02.950 TRACE 30984 --- [nio-8080-exec-9] o.s.jdbc.core.StatementCreatorUtils      : Setting SQL statement parameter value: column index 1, parameter value [2020/1/5 11:11], value class [java.lang.String], SQL type unknown
2019-04-24 23:18:02.950 TRACE 30984 --- [nio-8080-exec-9] o.s.jdbc.core.StatementCreatorUtils      : Setting SQL statement parameter value: column index 2, parameter value [409], value class [java.lang.String], SQL type unknown
2019-04-24 23:18:02.951  INFO 30984 --- [nio-8080-exec-9] j.g.s.service.AnswerAttendServiceImpl    : answerAttenDanceSankaku end: {ANSWER_COUNT=0}
2019-04-24 23:18:02.951  INFO 30984 --- [nio-8080-exec-9] j.g.s.service.AnswerAttendServiceImpl    : answerAttenDanceBatu start
2019-04-24 23:18:02.951 TRACE 30984 --- [nio-8080-exec-9] o.s.jdbc.core.StatementCreatorUtils      : Setting SQL statement parameter value: column index 1, parameter value [2020/1/5 11:11], value class [java.lang.String], SQL type unknown
2019-04-24 23:18:02.951 TRACE 30984 --- [nio-8080-exec-9] o.s.jdbc.core.StatementCreatorUtils      : Setting SQL statement parameter value: column index 2, parameter value [409], value class [java.lang.String], SQL type unknown
2019-04-24 23:18:02.951  INFO 30984 --- [nio-8080-exec-9] j.g.s.service.AnswerAttendServiceImpl    : answerAttenDanceBatu end: {ANSWER_COUNT=0}
2019-04-24 23:18:02.951  INFO 30984 --- [nio-8080-exec-9] j.g.s.service.AnswerAttendServiceImpl    : answerAttenDanceMaru start
2019-04-24 23:18:02.951 TRACE 30984 --- [nio-8080-exec-9] o.s.jdbc.core.StatementCreatorUtils      : Setting SQL statement parameter value: column index 1, parameter value [2020/1/6 11:11], value class [java.lang.String], SQL type unknown
2019-04-24 23:18:02.951 TRACE 30984 --- [nio-8080-exec-9] o.s.jdbc.core.StatementCreatorUtils      : Setting SQL statement parameter value: column index 2, parameter value [409], value class [java.lang.String], SQL type unknown
2019-04-24 23:18:02.951  INFO 30984 --- [nio-8080-exec-9] j.g.s.service.AnswerAttendServiceImpl    : answerAttenDanceMaru end: {ANSWER_COUNT=1}
2019-04-24 23:18:02.951  INFO 30984 --- [nio-8080-exec-9] j.g.s.service.AnswerAttendServiceImpl    : answerAttenDanceSankaku start
2019-04-24 23:18:02.951 TRACE 30984 --- [nio-8080-exec-9] o.s.jdbc.core.StatementCreatorUtils      : Setting SQL statement parameter value: column index 1, parameter value [2020/1/6 11:11], value class [java.lang.String], SQL type unknown
2019-04-24 23:18:02.951 TRACE 30984 --- [nio-8080-exec-9] o.s.jdbc.core.StatementCreatorUtils      : Setting SQL statement parameter value: column index 2, parameter value [409], value class [java.lang.String], SQL type unknown
2019-04-24 23:18:02.952  INFO 30984 --- [nio-8080-exec-9] j.g.s.service.AnswerAttendServiceImpl    : answerAttenDanceSankaku end: {ANSWER_COUNT=0}
2019-04-24 23:18:02.952  INFO 30984 --- [nio-8080-exec-9] j.g.s.service.AnswerAttendServiceImpl    : answerAttenDanceBatu start
2019-04-24 23:18:02.952 TRACE 30984 --- [nio-8080-exec-9] o.s.jdbc.core.StatementCreatorUtils      : Setting SQL statement parameter value: column index 1, parameter value [2020/1/6 11:11], value class [java.lang.String], SQL type unknown
2019-04-24 23:18:02.952 TRACE 30984 --- [nio-8080-exec-9] o.s.jdbc.core.StatementCreatorUtils      : Setting SQL statement parameter value: column index 2, parameter value [409], value class [java.lang.String], SQL type unknown
2019-04-24 23:18:02.952  INFO 30984 --- [nio-8080-exec-9] j.g.s.service.AnswerAttendServiceImpl    : answerAttenDanceBatu end: {ANSWER_COUNT=0}
2019-04-24 23:18:02.953 TRACE 30984 --- [nio-8080-exec-9] o.s.jdbc.core.StatementCreatorUtils      : Setting SQL statement parameter value: column index 1, parameter value [409], value class [java.lang.String], SQL type unknown
2019-04-24 23:18:02.953  INFO 30984 --- [nio-8080-exec-9] j.g.s.service.AnswerAttendServiceImpl    : getAnswerAttendance start
2019-04-24 23:18:02.953 TRACE 30984 --- [nio-8080-exec-9] o.s.jdbc.core.StatementCreatorUtils      : Setting SQL statement parameter value: column index 1, parameter value [2019/11/11 11:11], value class [java.lang.String], SQL type unknown
2019-04-24 23:18:02.953 TRACE 30984 --- [nio-8080-exec-9] o.s.jdbc.core.StatementCreatorUtils      : Setting SQL statement parameter value: column index 2, parameter value [괛단sample], value class [java.lang.String], SQL type unknown
2019-04-24 23:18:02.955  INFO 30984 --- [nio-8080-exec-9] j.g.s.service.AnswerAttendServiceImpl    : getAnswerAttendance end: {ANSWER_ATTENDANCE=1}
2019-04-24 23:18:02.958  INFO 30984 --- [nio-8080-exec-9] j.g.s.service.AnswerAttendServiceImpl    : getAnswerAttendance start
2019-04-24 23:18:02.958 TRACE 30984 --- [nio-8080-exec-9] o.s.jdbc.core.StatementCreatorUtils      : Setting SQL statement parameter value: column index 1, parameter value [2019/11/12 11:11], value class [java.lang.String], SQL type unknown
2019-04-24 23:18:02.958 TRACE 30984 --- [nio-8080-exec-9] o.s.jdbc.core.StatementCreatorUtils      : Setting SQL statement parameter value: column index 2, parameter value [괛단sample], value class [java.lang.String], SQL type unknown
2019-04-24 23:18:02.959  INFO 30984 --- [nio-8080-exec-9] j.g.s.service.AnswerAttendServiceImpl    : getAnswerAttendance end: {ANSWER_ATTENDANCE=1}
2019-04-24 23:18:02.959  INFO 30984 --- [nio-8080-exec-9] j.g.s.service.AnswerAttendServiceImpl    : getAnswerAttendance start
2019-04-24 23:18:02.959 TRACE 30984 --- [nio-8080-exec-9] o.s.jdbc.core.StatementCreatorUtils      : Setting SQL statement parameter value: column index 1, parameter value [2019/11/13 11:11], value class [java.lang.String], SQL type unknown
2019-04-24 23:18:02.959 TRACE 30984 --- [nio-8080-exec-9] o.s.jdbc.core.StatementCreatorUtils      : Setting SQL statement parameter value: column index 2, parameter value [괛단sample], value class [java.lang.String], SQL type unknown
2019-04-24 23:18:02.959  INFO 30984 --- [nio-8080-exec-9] j.g.s.service.AnswerAttendServiceImpl    : getAnswerAttendance end: {ANSWER_ATTENDANCE=1}
2019-04-24 23:18:02.960  INFO 30984 --- [nio-8080-exec-9] j.g.s.service.AnswerAttendServiceImpl    : getAnswerAttendance start
2019-04-24 23:18:02.960 TRACE 30984 --- [nio-8080-exec-9] o.s.jdbc.core.StatementCreatorUtils      : Setting SQL statement parameter value: column index 1, parameter value [2019/11/14 11:11], value class [java.lang.String], SQL type unknown
2019-04-24 23:18:02.960 TRACE 30984 --- [nio-8080-exec-9] o.s.jdbc.core.StatementCreatorUtils      : Setting SQL statement parameter value: column index 2, parameter value [괛단sample], value class [java.lang.String], SQL type unknown
2019-04-24 23:18:02.960  INFO 30984 --- [nio-8080-exec-9] j.g.s.service.AnswerAttendServiceImpl    : getAnswerAttendance end: {ANSWER_ATTENDANCE=1}
2019-04-24 23:18:02.960  INFO 30984 --- [nio-8080-exec-9] j.g.s.service.AnswerAttendServiceImpl    : getAnswerAttendance start
2019-04-24 23:18:02.960 TRACE 30984 --- [nio-8080-exec-9] o.s.jdbc.core.StatementCreatorUtils      : Setting SQL statement parameter value: column index 1, parameter value [2019/11/15 11:11], value class [java.lang.String], SQL type unknown
2019-04-24 23:18:02.960 TRACE 30984 --- [nio-8080-exec-9] o.s.jdbc.core.StatementCreatorUtils      : Setting SQL statement parameter value: column index 2, parameter value [괛단sample], value class [java.lang.String], SQL type unknown
2019-04-24 23:18:02.961  INFO 30984 --- [nio-8080-exec-9] j.g.s.service.AnswerAttendServiceImpl    : getAnswerAttendance end: {ANSWER_ATTENDANCE=1}
2019-04-24 23:18:02.961  INFO 30984 --- [nio-8080-exec-9] j.g.s.service.AnswerAttendServiceImpl    : getAnswerAttendance start
2019-04-24 23:18:02.961 TRACE 30984 --- [nio-8080-exec-9] o.s.jdbc.core.StatementCreatorUtils      : Setting SQL statement parameter value: column index 1, parameter value [2019/11/16 11:11], value class [java.lang.String], SQL type unknown
2019-04-24 23:18:02.961 TRACE 30984 --- [nio-8080-exec-9] o.s.jdbc.core.StatementCreatorUtils      : Setting SQL statement parameter value: column index 2, parameter value [괛단sample], value class [java.lang.String], SQL type unknown
2019-04-24 23:18:02.962  INFO 30984 --- [nio-8080-exec-9] j.g.s.service.AnswerAttendServiceImpl    : getAnswerAttendance end: {ANSWER_ATTENDANCE=1}
2019-04-24 23:18:02.962  INFO 30984 --- [nio-8080-exec-9] j.g.s.service.AnswerAttendServiceImpl    : getAnswerAttendance start
2019-04-24 23:18:02.962 TRACE 30984 --- [nio-8080-exec-9] o.s.jdbc.core.StatementCreatorUtils      : Setting SQL statement parameter value: column index 1, parameter value [2019/11/17 11:11], value class [java.lang.String], SQL type unknown
2019-04-24 23:18:02.962 TRACE 30984 --- [nio-8080-exec-9] o.s.jdbc.core.StatementCreatorUtils      : Setting SQL statement parameter value: column index 2, parameter value [괛단sample], value class [java.lang.String], SQL type unknown
2019-04-24 23:18:02.963  INFO 30984 --- [nio-8080-exec-9] j.g.s.service.AnswerAttendServiceImpl    : getAnswerAttendance end: {ANSWER_ATTENDANCE=1}
2019-04-24 23:18:02.963  INFO 30984 --- [nio-8080-exec-9] j.g.s.service.AnswerAttendServiceImpl    : getAnswerAttendance start
2019-04-24 23:18:02.963 TRACE 30984 --- [nio-8080-exec-9] o.s.jdbc.core.StatementCreatorUtils      : Setting SQL statement parameter value: column index 1, parameter value [2019/11/18 11:11], value class [java.lang.String], SQL type unknown
2019-04-24 23:18:02.963 TRACE 30984 --- [nio-8080-exec-9] o.s.jdbc.core.StatementCreatorUtils      : Setting SQL statement parameter value: column index 2, parameter value [괛단sample], value class [java.lang.String], SQL type unknown
2019-04-24 23:18:02.963  INFO 30984 --- [nio-8080-exec-9] j.g.s.service.AnswerAttendServiceImpl    : getAnswerAttendance end: {ANSWER_ATTENDANCE=1}
2019-04-24 23:18:02.964  INFO 30984 --- [nio-8080-exec-9] j.g.s.service.AnswerAttendServiceImpl    : getAnswerAttendance start
2019-04-24 23:18:02.964 TRACE 30984 --- [nio-8080-exec-9] o.s.jdbc.core.StatementCreatorUtils      : Setting SQL statement parameter value: column index 1, parameter value [2019/11/19 11:11], value class [java.lang.String], SQL type unknown
2019-04-24 23:18:02.964 TRACE 30984 --- [nio-8080-exec-9] o.s.jdbc.core.StatementCreatorUtils      : Setting SQL statement parameter value: column index 2, parameter value [괛단sample], value class [java.lang.String], SQL type unknown
2019-04-24 23:18:02.964  INFO 30984 --- [nio-8080-exec-9] j.g.s.service.AnswerAttendServiceImpl    : getAnswerAttendance end: {ANSWER_ATTENDANCE=1}
2019-04-24 23:18:02.964  INFO 30984 --- [nio-8080-exec-9] j.g.s.service.AnswerAttendServiceImpl    : getAnswerAttendance start
2019-04-24 23:18:02.964 TRACE 30984 --- [nio-8080-exec-9] o.s.jdbc.core.StatementCreatorUtils      : Setting SQL statement parameter value: column index 1, parameter value [2019/11/20 11:11], value class [java.lang.String], SQL type unknown
2019-04-24 23:18:02.964 TRACE 30984 --- [nio-8080-exec-9] o.s.jdbc.core.StatementCreatorUtils      : Setting SQL statement parameter value: column index 2, parameter value [괛단sample], value class [java.lang.String], SQL type unknown
2019-04-24 23:18:02.965  INFO 30984 --- [nio-8080-exec-9] j.g.s.service.AnswerAttendServiceImpl    : getAnswerAttendance end: {ANSWER_ATTENDANCE=1}
2019-04-24 23:18:02.965  INFO 30984 --- [nio-8080-exec-9] j.g.s.service.AnswerAttendServiceImpl    : getAnswerAttendance start
2019-04-24 23:18:02.965 TRACE 30984 --- [nio-8080-exec-9] o.s.jdbc.core.StatementCreatorUtils      : Setting SQL statement parameter value: column index 1, parameter value [2019/11/21 11:11], value class [java.lang.String], SQL type unknown
2019-04-24 23:18:02.965 TRACE 30984 --- [nio-8080-exec-9] o.s.jdbc.core.StatementCreatorUtils      : Setting SQL statement parameter value: column index 2, parameter value [괛단sample], value class [java.lang.String], SQL type unknown
2019-04-24 23:18:02.966  INFO 30984 --- [nio-8080-exec-9] j.g.s.service.AnswerAttendServiceImpl    : getAnswerAttendance end: {ANSWER_ATTENDANCE=1}
2019-04-24 23:18:02.966  INFO 30984 --- [nio-8080-exec-9] j.g.s.service.AnswerAttendServiceImpl    : getAnswerAttendance start
2019-04-24 23:18:02.966 TRACE 30984 --- [nio-8080-exec-9] o.s.jdbc.core.StatementCreatorUtils      : Setting SQL statement parameter value: column index 1, parameter value [2019/11/22 11:11], value class [java.lang.String], SQL type unknown
2019-04-24 23:18:02.966 TRACE 30984 --- [nio-8080-exec-9] o.s.jdbc.core.StatementCreatorUtils      : Setting SQL statement parameter value: column index 2, parameter value [괛단sample], value class [java.lang.String], SQL type unknown
2019-04-24 23:18:02.966  INFO 30984 --- [nio-8080-exec-9] j.g.s.service.AnswerAttendServiceImpl    : getAnswerAttendance end: {ANSWER_ATTENDANCE=1}
2019-04-24 23:18:02.966  INFO 30984 --- [nio-8080-exec-9] j.g.s.service.AnswerAttendServiceImpl    : getAnswerAttendance start
2019-04-24 23:18:02.967 TRACE 30984 --- [nio-8080-exec-9] o.s.jdbc.core.StatementCreatorUtils      : Setting SQL statement parameter value: column index 1, parameter value [2019/11/23 11:11], value class [java.lang.String], SQL type unknown
2019-04-24 23:18:02.967 TRACE 30984 --- [nio-8080-exec-9] o.s.jdbc.core.StatementCreatorUtils      : Setting SQL statement parameter value: column index 2, parameter value [괛단sample], value class [java.lang.String], SQL type unknown
2019-04-24 23:18:02.967  INFO 30984 --- [nio-8080-exec-9] j.g.s.service.AnswerAttendServiceImpl    : getAnswerAttendance end: {ANSWER_ATTENDANCE=1}
2019-04-24 23:18:02.967  INFO 30984 --- [nio-8080-exec-9] j.g.s.service.AnswerAttendServiceImpl    : getAnswerAttendance start
2019-04-24 23:18:02.967 TRACE 30984 --- [nio-8080-exec-9] o.s.jdbc.core.StatementCreatorUtils      : Setting SQL statement parameter value: column index 1, parameter value [2019/11/24 11:11], value class [java.lang.String], SQL type unknown
2019-04-24 23:18:02.967 TRACE 30984 --- [nio-8080-exec-9] o.s.jdbc.core.StatementCreatorUtils      : Setting SQL statement parameter value: column index 2, parameter value [괛단sample], value class [java.lang.String], SQL type unknown
2019-04-24 23:18:02.968  INFO 30984 --- [nio-8080-exec-9] j.g.s.service.AnswerAttendServiceImpl    : getAnswerAttendance end: {ANSWER_ATTENDANCE=1}
2019-04-24 23:18:02.968  INFO 30984 --- [nio-8080-exec-9] j.g.s.service.AnswerAttendServiceImpl    : getAnswerAttendance start
2019-04-24 23:18:02.968 TRACE 30984 --- [nio-8080-exec-9] o.s.jdbc.core.StatementCreatorUtils      : Setting SQL statement parameter value: column index 1, parameter value [2019/11/25 11:11], value class [java.lang.String], SQL type unknown
2019-04-24 23:18:02.968 TRACE 30984 --- [nio-8080-exec-9] o.s.jdbc.core.StatementCreatorUtils      : Setting SQL statement parameter value: column index 2, parameter value [괛단sample], value class [java.lang.String], SQL type unknown
2019-04-24 23:18:02.968  INFO 30984 --- [nio-8080-exec-9] j.g.s.service.AnswerAttendServiceImpl    : getAnswerAttendance end: {ANSWER_ATTENDANCE=1}
2019-04-24 23:18:02.968  INFO 30984 --- [nio-8080-exec-9] j.g.s.service.AnswerAttendServiceImpl    : getAnswerAttendance start
2019-04-24 23:18:02.969 TRACE 30984 --- [nio-8080-exec-9] o.s.jdbc.core.StatementCreatorUtils      : Setting SQL statement parameter value: column index 1, parameter value [2019/11/26 11:11], value class [java.lang.String], SQL type unknown
2019-04-24 23:18:02.969 TRACE 30984 --- [nio-8080-exec-9] o.s.jdbc.core.StatementCreatorUtils      : Setting SQL statement parameter value: column index 2, parameter value [괛단sample], value class [java.lang.String], SQL type unknown
2019-04-24 23:18:02.969  INFO 30984 --- [nio-8080-exec-9] j.g.s.service.AnswerAttendServiceImpl    : getAnswerAttendance end: {ANSWER_ATTENDANCE=1}
2019-04-24 23:18:02.969  INFO 30984 --- [nio-8080-exec-9] j.g.s.service.AnswerAttendServiceImpl    : getAnswerAttendance start
2019-04-24 23:18:02.969 TRACE 30984 --- [nio-8080-exec-9] o.s.jdbc.core.StatementCreatorUtils      : Setting SQL statement parameter value: column index 1, parameter value [2019/11/27 11:11], value class [java.lang.String], SQL type unknown
2019-04-24 23:18:02.969 TRACE 30984 --- [nio-8080-exec-9] o.s.jdbc.core.StatementCreatorUtils      : Setting SQL statement parameter value: column index 2, parameter value [괛단sample], value class [java.lang.String], SQL type unknown
2019-04-24 23:18:02.970  INFO 30984 --- [nio-8080-exec-9] j.g.s.service.AnswerAttendServiceImpl    : getAnswerAttendance end: {ANSWER_ATTENDANCE=1}
2019-04-24 23:18:02.970  INFO 30984 --- [nio-8080-exec-9] j.g.s.service.AnswerAttendServiceImpl    : getAnswerAttendance start
2019-04-24 23:18:02.970 TRACE 30984 --- [nio-8080-exec-9] o.s.jdbc.core.StatementCreatorUtils      : Setting SQL statement parameter value: column index 1, parameter value [2019/11/28 11:11], value class [java.lang.String], SQL type unknown
2019-04-24 23:18:02.970 TRACE 30984 --- [nio-8080-exec-9] o.s.jdbc.core.StatementCreatorUtils      : Setting SQL statement parameter value: column index 2, parameter value [괛단sample], value class [java.lang.String], SQL type unknown
2019-04-24 23:18:02.971  INFO 30984 --- [nio-8080-exec-9] j.g.s.service.AnswerAttendServiceImpl    : getAnswerAttendance end: {ANSWER_ATTENDANCE=1}
2019-04-24 23:18:02.971  INFO 30984 --- [nio-8080-exec-9] j.g.s.service.AnswerAttendServiceImpl    : getAnswerAttendance start
2019-04-24 23:18:02.971 TRACE 30984 --- [nio-8080-exec-9] o.s.jdbc.core.StatementCreatorUtils      : Setting SQL statement parameter value: column index 1, parameter value [2019/11/29 11:11], value class [java.lang.String], SQL type unknown
2019-04-24 23:18:02.971 TRACE 30984 --- [nio-8080-exec-9] o.s.jdbc.core.StatementCreatorUtils      : Setting SQL statement parameter value: column index 2, parameter value [괛단sample], value class [java.lang.String], SQL type unknown
2019-04-24 23:18:02.971  INFO 30984 --- [nio-8080-exec-9] j.g.s.service.AnswerAttendServiceImpl    : getAnswerAttendance end: {ANSWER_ATTENDANCE=1}
2019-04-24 23:18:02.971  INFO 30984 --- [nio-8080-exec-9] j.g.s.service.AnswerAttendServiceImpl    : getAnswerAttendance start
2019-04-24 23:18:02.971 TRACE 30984 --- [nio-8080-exec-9] o.s.jdbc.core.StatementCreatorUtils      : Setting SQL statement parameter value: column index 1, parameter value [2019/11/30 11:11], value class [java.lang.String], SQL type unknown
2019-04-24 23:18:02.971 TRACE 30984 --- [nio-8080-exec-9] o.s.jdbc.core.StatementCreatorUtils      : Setting SQL statement parameter value: column index 2, parameter value [괛단sample], value class [java.lang.String], SQL type unknown
2019-04-24 23:18:02.972  INFO 30984 --- [nio-8080-exec-9] j.g.s.service.AnswerAttendServiceImpl    : getAnswerAttendance end: {ANSWER_ATTENDANCE=1}
2019-04-24 23:18:02.972  INFO 30984 --- [nio-8080-exec-9] j.g.s.service.AnswerAttendServiceImpl    : getAnswerAttendance start
2019-04-24 23:18:02.972 TRACE 30984 --- [nio-8080-exec-9] o.s.jdbc.core.StatementCreatorUtils      : Setting SQL statement parameter value: column index 1, parameter value [2019/12/1 11:11], value class [java.lang.String], SQL type unknown
2019-04-24 23:18:02.972 TRACE 30984 --- [nio-8080-exec-9] o.s.jdbc.core.StatementCreatorUtils      : Setting SQL statement parameter value: column index 2, parameter value [괛단sample], value class [java.lang.String], SQL type unknown
2019-04-24 23:18:02.973  INFO 30984 --- [nio-8080-exec-9] j.g.s.service.AnswerAttendServiceImpl    : getAnswerAttendance end: {ANSWER_ATTENDANCE=1}
2019-04-24 23:18:02.973  INFO 30984 --- [nio-8080-exec-9] j.g.s.service.AnswerAttendServiceImpl    : getAnswerAttendance start
2019-04-24 23:18:02.973 TRACE 30984 --- [nio-8080-exec-9] o.s.jdbc.core.StatementCreatorUtils      : Setting SQL statement parameter value: column index 1, parameter value [2019/12/2 11:11], value class [java.lang.String], SQL type unknown
2019-04-24 23:18:02.973 TRACE 30984 --- [nio-8080-exec-9] o.s.jdbc.core.StatementCreatorUtils      : Setting SQL statement parameter value: column index 2, parameter value [괛단sample], value class [java.lang.String], SQL type unknown
2019-04-24 23:18:02.974  INFO 30984 --- [nio-8080-exec-9] j.g.s.service.AnswerAttendServiceImpl    : getAnswerAttendance end: {ANSWER_ATTENDANCE=1}
2019-04-24 23:18:02.974  INFO 30984 --- [nio-8080-exec-9] j.g.s.service.AnswerAttendServiceImpl    : getAnswerAttendance start
2019-04-24 23:18:02.974 TRACE 30984 --- [nio-8080-exec-9] o.s.jdbc.core.StatementCreatorUtils      : Setting SQL statement parameter value: column index 1, parameter value [2019/12/3 11:11], value class [java.lang.String], SQL type unknown
2019-04-24 23:18:02.974 TRACE 30984 --- [nio-8080-exec-9] o.s.jdbc.core.StatementCreatorUtils      : Setting SQL statement parameter value: column index 2, parameter value [괛단sample], value class [java.lang.String], SQL type unknown
2019-04-24 23:18:02.974  INFO 30984 --- [nio-8080-exec-9] j.g.s.service.AnswerAttendServiceImpl    : getAnswerAttendance end: {ANSWER_ATTENDANCE=1}
2019-04-24 23:18:02.975  INFO 30984 --- [nio-8080-exec-9] j.g.s.service.AnswerAttendServiceImpl    : getAnswerAttendance start
2019-04-24 23:18:02.975 TRACE 30984 --- [nio-8080-exec-9] o.s.jdbc.core.StatementCreatorUtils      : Setting SQL statement parameter value: column index 1, parameter value [2019/12/4 11:11], value class [java.lang.String], SQL type unknown
2019-04-24 23:18:02.975 TRACE 30984 --- [nio-8080-exec-9] o.s.jdbc.core.StatementCreatorUtils      : Setting SQL statement parameter value: column index 2, parameter value [괛단sample], value class [java.lang.String], SQL type unknown
2019-04-24 23:18:02.975  INFO 30984 --- [nio-8080-exec-9] j.g.s.service.AnswerAttendServiceImpl    : getAnswerAttendance end: {ANSWER_ATTENDANCE=1}
2019-04-24 23:18:02.975  INFO 30984 --- [nio-8080-exec-9] j.g.s.service.AnswerAttendServiceImpl    : getAnswerAttendance start
2019-04-24 23:18:02.975 TRACE 30984 --- [nio-8080-exec-9] o.s.jdbc.core.StatementCreatorUtils      : Setting SQL statement parameter value: column index 1, parameter value [2019/12/5 11:11], value class [java.lang.String], SQL type unknown
2019-04-24 23:18:02.975 TRACE 30984 --- [nio-8080-exec-9] o.s.jdbc.core.StatementCreatorUtils      : Setting SQL statement parameter value: column index 2, parameter value [괛단sample], value class [java.lang.String], SQL type unknown
2019-04-24 23:18:02.976  INFO 30984 --- [nio-8080-exec-9] j.g.s.service.AnswerAttendServiceImpl    : getAnswerAttendance end: {ANSWER_ATTENDANCE=1}
2019-04-24 23:18:02.976  INFO 30984 --- [nio-8080-exec-9] j.g.s.service.AnswerAttendServiceImpl    : getAnswerAttendance start
2019-04-24 23:18:02.976 TRACE 30984 --- [nio-8080-exec-9] o.s.jdbc.core.StatementCreatorUtils      : Setting SQL statement parameter value: column index 1, parameter value [2019/12/6 11:11], value class [java.lang.String], SQL type unknown
2019-04-24 23:18:02.976 TRACE 30984 --- [nio-8080-exec-9] o.s.jdbc.core.StatementCreatorUtils      : Setting SQL statement parameter value: column index 2, parameter value [괛단sample], value class [java.lang.String], SQL type unknown
2019-04-24 23:18:02.977  INFO 30984 --- [nio-8080-exec-9] j.g.s.service.AnswerAttendServiceImpl    : getAnswerAttendance end: {ANSWER_ATTENDANCE=1}
2019-04-24 23:18:02.977  INFO 30984 --- [nio-8080-exec-9] j.g.s.service.AnswerAttendServiceImpl    : getAnswerAttendance start
2019-04-24 23:18:02.977 TRACE 30984 --- [nio-8080-exec-9] o.s.jdbc.core.StatementCreatorUtils      : Setting SQL statement parameter value: column index 1, parameter value [2019/12/7 11:11], value class [java.lang.String], SQL type unknown
2019-04-24 23:18:02.977 TRACE 30984 --- [nio-8080-exec-9] o.s.jdbc.core.StatementCreatorUtils      : Setting SQL statement parameter value: column index 2, parameter value [괛단sample], value class [java.lang.String], SQL type unknown
2019-04-24 23:18:02.977  INFO 30984 --- [nio-8080-exec-9] j.g.s.service.AnswerAttendServiceImpl    : getAnswerAttendance end: {ANSWER_ATTENDANCE=1}
2019-04-24 23:18:02.977  INFO 30984 --- [nio-8080-exec-9] j.g.s.service.AnswerAttendServiceImpl    : getAnswerAttendance start
2019-04-24 23:18:02.978 TRACE 30984 --- [nio-8080-exec-9] o.s.jdbc.core.StatementCreatorUtils      : Setting SQL statement parameter value: column index 1, parameter value [2019/12/8 11:11], value class [java.lang.String], SQL type unknown
2019-04-24 23:18:02.978 TRACE 30984 --- [nio-8080-exec-9] o.s.jdbc.core.StatementCreatorUtils      : Setting SQL statement parameter value: column index 2, parameter value [괛단sample], value class [java.lang.String], SQL type unknown
2019-04-24 23:18:02.978  INFO 30984 --- [nio-8080-exec-9] j.g.s.service.AnswerAttendServiceImpl    : getAnswerAttendance end: {ANSWER_ATTENDANCE=1}
2019-04-24 23:18:02.978  INFO 30984 --- [nio-8080-exec-9] j.g.s.service.AnswerAttendServiceImpl    : getAnswerAttendance start
2019-04-24 23:18:02.978 TRACE 30984 --- [nio-8080-exec-9] o.s.jdbc.core.StatementCreatorUtils      : Setting SQL statement parameter value: column index 1, parameter value [2019/12/9 11:11], value class [java.lang.String], SQL type unknown
2019-04-24 23:18:02.978 TRACE 30984 --- [nio-8080-exec-9] o.s.jdbc.core.StatementCreatorUtils      : Setting SQL statement parameter value: column index 2, parameter value [괛단sample], value class [java.lang.String], SQL type unknown
2019-04-24 23:18:02.979  INFO 30984 --- [nio-8080-exec-9] j.g.s.service.AnswerAttendServiceImpl    : getAnswerAttendance end: {ANSWER_ATTENDANCE=1}
2019-04-24 23:18:02.979  INFO 30984 --- [nio-8080-exec-9] j.g.s.service.AnswerAttendServiceImpl    : getAnswerAttendance start
2019-04-24 23:18:02.979 TRACE 30984 --- [nio-8080-exec-9] o.s.jdbc.core.StatementCreatorUtils      : Setting SQL statement parameter value: column index 1, parameter value [2019/12/10 11:11], value class [java.lang.String], SQL type unknown
2019-04-24 23:18:02.979 TRACE 30984 --- [nio-8080-exec-9] o.s.jdbc.core.StatementCreatorUtils      : Setting SQL statement parameter value: column index 2, parameter value [괛단sample], value class [java.lang.String], SQL type unknown
2019-04-24 23:18:02.979  INFO 30984 --- [nio-8080-exec-9] j.g.s.service.AnswerAttendServiceImpl    : getAnswerAttendance end: {ANSWER_ATTENDANCE=1}
2019-04-24 23:18:02.979  INFO 30984 --- [nio-8080-exec-9] j.g.s.service.AnswerAttendServiceImpl    : getAnswerAttendance start
2019-04-24 23:18:02.979 TRACE 30984 --- [nio-8080-exec-9] o.s.jdbc.core.StatementCreatorUtils      : Setting SQL statement parameter value: column index 1, parameter value [2019/12/11 11:11], value class [java.lang.String], SQL type unknown
2019-04-24 23:18:02.979 TRACE 30984 --- [nio-8080-exec-9] o.s.jdbc.core.StatementCreatorUtils      : Setting SQL statement parameter value: column index 2, parameter value [괛단sample], value class [java.lang.String], SQL type unknown
2019-04-24 23:18:02.980  INFO 30984 --- [nio-8080-exec-9] j.g.s.service.AnswerAttendServiceImpl    : getAnswerAttendance end: {ANSWER_ATTENDANCE=1}
2019-04-24 23:18:02.980  INFO 30984 --- [nio-8080-exec-9] j.g.s.service.AnswerAttendServiceImpl    : getAnswerAttendance start
2019-04-24 23:18:02.980 TRACE 30984 --- [nio-8080-exec-9] o.s.jdbc.core.StatementCreatorUtils      : Setting SQL statement parameter value: column index 1, parameter value [2019/12/12 11:11], value class [java.lang.String], SQL type unknown
2019-04-24 23:18:02.980 TRACE 30984 --- [nio-8080-exec-9] o.s.jdbc.core.StatementCreatorUtils      : Setting SQL statement parameter value: column index 2, parameter value [괛단sample], value class [java.lang.String], SQL type unknown
2019-04-24 23:18:02.980  INFO 30984 --- [nio-8080-exec-9] j.g.s.service.AnswerAttendServiceImpl    : getAnswerAttendance end: {ANSWER_ATTENDANCE=1}
2019-04-24 23:18:02.980  INFO 30984 --- [nio-8080-exec-9] j.g.s.service.AnswerAttendServiceImpl    : getAnswerAttendance start
2019-04-24 23:18:02.980 TRACE 30984 --- [nio-8080-exec-9] o.s.jdbc.core.StatementCreatorUtils      : Setting SQL statement parameter value: column index 1, parameter value [2019/12/13 11:11], value class [java.lang.String], SQL type unknown
2019-04-24 23:18:02.980 TRACE 30984 --- [nio-8080-exec-9] o.s.jdbc.core.StatementCreatorUtils      : Setting SQL statement parameter value: column index 2, parameter value [괛단sample], value class [java.lang.String], SQL type unknown
2019-04-24 23:18:02.981  INFO 30984 --- [nio-8080-exec-9] j.g.s.service.AnswerAttendServiceImpl    : getAnswerAttendance end: {ANSWER_ATTENDANCE=1}
2019-04-24 23:18:02.981  INFO 30984 --- [nio-8080-exec-9] j.g.s.service.AnswerAttendServiceImpl    : getAnswerAttendance start
2019-04-24 23:18:02.981 TRACE 30984 --- [nio-8080-exec-9] o.s.jdbc.core.StatementCreatorUtils      : Setting SQL statement parameter value: column index 1, parameter value [2019/12/14 11:11], value class [java.lang.String], SQL type unknown
2019-04-24 23:18:02.981 TRACE 30984 --- [nio-8080-exec-9] o.s.jdbc.core.StatementCreatorUtils      : Setting SQL statement parameter value: column index 2, parameter value [괛단sample], value class [java.lang.String], SQL type unknown
2019-04-24 23:18:02.981  INFO 30984 --- [nio-8080-exec-9] j.g.s.service.AnswerAttendServiceImpl    : getAnswerAttendance end: {ANSWER_ATTENDANCE=1}
2019-04-24 23:18:02.981  INFO 30984 --- [nio-8080-exec-9] j.g.s.service.AnswerAttendServiceImpl    : getAnswerAttendance start
2019-04-24 23:18:02.981 TRACE 30984 --- [nio-8080-exec-9] o.s.jdbc.core.StatementCreatorUtils      : Setting SQL statement parameter value: column index 1, parameter value [2019/12/15 11:11], value class [java.lang.String], SQL type unknown
2019-04-24 23:18:02.981 TRACE 30984 --- [nio-8080-exec-9] o.s.jdbc.core.StatementCreatorUtils      : Setting SQL statement parameter value: column index 2, parameter value [괛단sample], value class [java.lang.String], SQL type unknown
2019-04-24 23:18:02.981  INFO 30984 --- [nio-8080-exec-9] j.g.s.service.AnswerAttendServiceImpl    : getAnswerAttendance end: {ANSWER_ATTENDANCE=1}
2019-04-24 23:18:02.981  INFO 30984 --- [nio-8080-exec-9] j.g.s.service.AnswerAttendServiceImpl    : getAnswerAttendance start
2019-04-24 23:18:02.981 TRACE 30984 --- [nio-8080-exec-9] o.s.jdbc.core.StatementCreatorUtils      : Setting SQL statement parameter value: column index 1, parameter value [2019/12/16 11:11], value class [java.lang.String], SQL type unknown
2019-04-24 23:18:02.982 TRACE 30984 --- [nio-8080-exec-9] o.s.jdbc.core.StatementCreatorUtils      : Setting SQL statement parameter value: column index 2, parameter value [괛단sample], value class [java.lang.String], SQL type unknown
2019-04-24 23:18:02.982  INFO 30984 --- [nio-8080-exec-9] j.g.s.service.AnswerAttendServiceImpl    : getAnswerAttendance end: {ANSWER_ATTENDANCE=1}
2019-04-24 23:18:02.982  INFO 30984 --- [nio-8080-exec-9] j.g.s.service.AnswerAttendServiceImpl    : getAnswerAttendance start
2019-04-24 23:18:02.982 TRACE 30984 --- [nio-8080-exec-9] o.s.jdbc.core.StatementCreatorUtils      : Setting SQL statement parameter value: column index 1, parameter value [2019/12/17 11:11], value class [java.lang.String], SQL type unknown
2019-04-24 23:18:02.982 TRACE 30984 --- [nio-8080-exec-9] o.s.jdbc.core.StatementCreatorUtils      : Setting SQL statement parameter value: column index 2, parameter value [괛단sample], value class [java.lang.String], SQL type unknown
2019-04-24 23:18:02.982  INFO 30984 --- [nio-8080-exec-9] j.g.s.service.AnswerAttendServiceImpl    : getAnswerAttendance end: {ANSWER_ATTENDANCE=1}
2019-04-24 23:18:02.982  INFO 30984 --- [nio-8080-exec-9] j.g.s.service.AnswerAttendServiceImpl    : getAnswerAttendance start
2019-04-24 23:18:02.982 TRACE 30984 --- [nio-8080-exec-9] o.s.jdbc.core.StatementCreatorUtils      : Setting SQL statement parameter value: column index 1, parameter value [2019/12/18 11:11], value class [java.lang.String], SQL type unknown
2019-04-24 23:18:02.982 TRACE 30984 --- [nio-8080-exec-9] o.s.jdbc.core.StatementCreatorUtils      : Setting SQL statement parameter value: column index 2, parameter value [괛단sample], value class [java.lang.String], SQL type unknown
2019-04-24 23:18:02.982  INFO 30984 --- [nio-8080-exec-9] j.g.s.service.AnswerAttendServiceImpl    : getAnswerAttendance end: {ANSWER_ATTENDANCE=1}
2019-04-24 23:18:02.982  INFO 30984 --- [nio-8080-exec-9] j.g.s.service.AnswerAttendServiceImpl    : getAnswerAttendance start
2019-04-24 23:18:02.983 TRACE 30984 --- [nio-8080-exec-9] o.s.jdbc.core.StatementCreatorUtils      : Setting SQL statement parameter value: column index 1, parameter value [2019/12/19 11:11], value class [java.lang.String], SQL type unknown
2019-04-24 23:18:02.983 TRACE 30984 --- [nio-8080-exec-9] o.s.jdbc.core.StatementCreatorUtils      : Setting SQL statement parameter value: column index 2, parameter value [괛단sample], value class [java.lang.String], SQL type unknown
2019-04-24 23:18:02.983  INFO 30984 --- [nio-8080-exec-9] j.g.s.service.AnswerAttendServiceImpl    : getAnswerAttendance end: {ANSWER_ATTENDANCE=1}
2019-04-24 23:18:02.983  INFO 30984 --- [nio-8080-exec-9] j.g.s.service.AnswerAttendServiceImpl    : getAnswerAttendance start
2019-04-24 23:18:02.983 TRACE 30984 --- [nio-8080-exec-9] o.s.jdbc.core.StatementCreatorUtils      : Setting SQL statement parameter value: column index 1, parameter value [2019/12/20 11:11], value class [java.lang.String], SQL type unknown
2019-04-24 23:18:02.983 TRACE 30984 --- [nio-8080-exec-9] o.s.jdbc.core.StatementCreatorUtils      : Setting SQL statement parameter value: column index 2, parameter value [괛단sample], value class [java.lang.String], SQL type unknown
2019-04-24 23:18:02.983  INFO 30984 --- [nio-8080-exec-9] j.g.s.service.AnswerAttendServiceImpl    : getAnswerAttendance end: {ANSWER_ATTENDANCE=1}
2019-04-24 23:18:02.983  INFO 30984 --- [nio-8080-exec-9] j.g.s.service.AnswerAttendServiceImpl    : getAnswerAttendance start
2019-04-24 23:18:02.983 TRACE 30984 --- [nio-8080-exec-9] o.s.jdbc.core.StatementCreatorUtils      : Setting SQL statement parameter value: column index 1, parameter value [2019/12/21 11:11], value class [java.lang.String], SQL type unknown
2019-04-24 23:18:02.983 TRACE 30984 --- [nio-8080-exec-9] o.s.jdbc.core.StatementCreatorUtils      : Setting SQL statement parameter value: column index 2, parameter value [괛단sample], value class [java.lang.String], SQL type unknown
2019-04-24 23:18:02.983  INFO 30984 --- [nio-8080-exec-9] j.g.s.service.AnswerAttendServiceImpl    : getAnswerAttendance end: {ANSWER_ATTENDANCE=1}
2019-04-24 23:18:02.983  INFO 30984 --- [nio-8080-exec-9] j.g.s.service.AnswerAttendServiceImpl    : getAnswerAttendance start
2019-04-24 23:18:02.983 TRACE 30984 --- [nio-8080-exec-9] o.s.jdbc.core.StatementCreatorUtils      : Setting SQL statement parameter value: column index 1, parameter value [2019/12/22 11:11], value class [java.lang.String], SQL type unknown
2019-04-24 23:18:02.983 TRACE 30984 --- [nio-8080-exec-9] o.s.jdbc.core.StatementCreatorUtils      : Setting SQL statement parameter value: column index 2, parameter value [괛단sample], value class [java.lang.String], SQL type unknown
2019-04-24 23:18:02.984  INFO 30984 --- [nio-8080-exec-9] j.g.s.service.AnswerAttendServiceImpl    : getAnswerAttendance end: {ANSWER_ATTENDANCE=1}
2019-04-24 23:18:02.984  INFO 30984 --- [nio-8080-exec-9] j.g.s.service.AnswerAttendServiceImpl    : getAnswerAttendance start
2019-04-24 23:18:02.984 TRACE 30984 --- [nio-8080-exec-9] o.s.jdbc.core.StatementCreatorUtils      : Setting SQL statement parameter value: column index 1, parameter value [2019/12/23 11:11], value class [java.lang.String], SQL type unknown
2019-04-24 23:18:02.984 TRACE 30984 --- [nio-8080-exec-9] o.s.jdbc.core.StatementCreatorUtils      : Setting SQL statement parameter value: column index 2, parameter value [괛단sample], value class [java.lang.String], SQL type unknown
2019-04-24 23:18:02.984  INFO 30984 --- [nio-8080-exec-9] j.g.s.service.AnswerAttendServiceImpl    : getAnswerAttendance end: {ANSWER_ATTENDANCE=1}
2019-04-24 23:18:02.985  INFO 30984 --- [nio-8080-exec-9] j.g.s.service.AnswerAttendServiceImpl    : getAnswerAttendance start
2019-04-24 23:18:02.985 TRACE 30984 --- [nio-8080-exec-9] o.s.jdbc.core.StatementCreatorUtils      : Setting SQL statement parameter value: column index 1, parameter value [2019/12/24 11:11], value class [java.lang.String], SQL type unknown
2019-04-24 23:18:02.985 TRACE 30984 --- [nio-8080-exec-9] o.s.jdbc.core.StatementCreatorUtils      : Setting SQL statement parameter value: column index 2, parameter value [괛단sample], value class [java.lang.String], SQL type unknown
2019-04-24 23:18:02.985  INFO 30984 --- [nio-8080-exec-9] j.g.s.service.AnswerAttendServiceImpl    : getAnswerAttendance end: {ANSWER_ATTENDANCE=1}
2019-04-24 23:18:02.985  INFO 30984 --- [nio-8080-exec-9] j.g.s.service.AnswerAttendServiceImpl    : getAnswerAttendance start
2019-04-24 23:18:02.985 TRACE 30984 --- [nio-8080-exec-9] o.s.jdbc.core.StatementCreatorUtils      : Setting SQL statement parameter value: column index 1, parameter value [2019/12/25 11:11], value class [java.lang.String], SQL type unknown
2019-04-24 23:18:02.985 TRACE 30984 --- [nio-8080-exec-9] o.s.jdbc.core.StatementCreatorUtils      : Setting SQL statement parameter value: column index 2, parameter value [괛단sample], value class [java.lang.String], SQL type unknown
2019-04-24 23:18:02.985  INFO 30984 --- [nio-8080-exec-9] j.g.s.service.AnswerAttendServiceImpl    : getAnswerAttendance end: {ANSWER_ATTENDANCE=1}
2019-04-24 23:18:02.985  INFO 30984 --- [nio-8080-exec-9] j.g.s.service.AnswerAttendServiceImpl    : getAnswerAttendance start
2019-04-24 23:18:02.985 TRACE 30984 --- [nio-8080-exec-9] o.s.jdbc.core.StatementCreatorUtils      : Setting SQL statement parameter value: column index 1, parameter value [2019/12/26 11:11], value class [java.lang.String], SQL type unknown
2019-04-24 23:18:02.985 TRACE 30984 --- [nio-8080-exec-9] o.s.jdbc.core.StatementCreatorUtils      : Setting SQL statement parameter value: column index 2, parameter value [괛단sample], value class [java.lang.String], SQL type unknown
2019-04-24 23:18:02.986  INFO 30984 --- [nio-8080-exec-9] j.g.s.service.AnswerAttendServiceImpl    : getAnswerAttendance end: {ANSWER_ATTENDANCE=1}
2019-04-24 23:18:02.986  INFO 30984 --- [nio-8080-exec-9] j.g.s.service.AnswerAttendServiceImpl    : getAnswerAttendance start
2019-04-24 23:18:02.986 TRACE 30984 --- [nio-8080-exec-9] o.s.jdbc.core.StatementCreatorUtils      : Setting SQL statement parameter value: column index 1, parameter value [2019/12/27 11:11], value class [java.lang.String], SQL type unknown
2019-04-24 23:18:02.986 TRACE 30984 --- [nio-8080-exec-9] o.s.jdbc.core.StatementCreatorUtils      : Setting SQL statement parameter value: column index 2, parameter value [괛단sample], value class [java.lang.String], SQL type unknown
2019-04-24 23:18:02.986  INFO 30984 --- [nio-8080-exec-9] j.g.s.service.AnswerAttendServiceImpl    : getAnswerAttendance end: {ANSWER_ATTENDANCE=1}
2019-04-24 23:18:02.986  INFO 30984 --- [nio-8080-exec-9] j.g.s.service.AnswerAttendServiceImpl    : getAnswerAttendance start
2019-04-24 23:18:02.986 TRACE 30984 --- [nio-8080-exec-9] o.s.jdbc.core.StatementCreatorUtils      : Setting SQL statement parameter value: column index 1, parameter value [2019/12/28 11:11], value class [java.lang.String], SQL type unknown
2019-04-24 23:18:02.986 TRACE 30984 --- [nio-8080-exec-9] o.s.jdbc.core.StatementCreatorUtils      : Setting SQL statement parameter value: column index 2, parameter value [괛단sample], value class [java.lang.String], SQL type unknown
2019-04-24 23:18:02.986  INFO 30984 --- [nio-8080-exec-9] j.g.s.service.AnswerAttendServiceImpl    : getAnswerAttendance end: {ANSWER_ATTENDANCE=1}
2019-04-24 23:18:02.986  INFO 30984 --- [nio-8080-exec-9] j.g.s.service.AnswerAttendServiceImpl    : getAnswerAttendance start
2019-04-24 23:18:02.986 TRACE 30984 --- [nio-8080-exec-9] o.s.jdbc.core.StatementCreatorUtils      : Setting SQL statement parameter value: column index 1, parameter value [2019/12/29 11:11], value class [java.lang.String], SQL type unknown
2019-04-24 23:18:02.986 TRACE 30984 --- [nio-8080-exec-9] o.s.jdbc.core.StatementCreatorUtils      : Setting SQL statement parameter value: column index 2, parameter value [괛단sample], value class [java.lang.String], SQL type unknown
2019-04-24 23:18:02.987  INFO 30984 --- [nio-8080-exec-9] j.g.s.service.AnswerAttendServiceImpl    : getAnswerAttendance end: {ANSWER_ATTENDANCE=1}
2019-04-24 23:18:02.987  INFO 30984 --- [nio-8080-exec-9] j.g.s.service.AnswerAttendServiceImpl    : getAnswerAttendance start
2019-04-24 23:18:02.987 TRACE 30984 --- [nio-8080-exec-9] o.s.jdbc.core.StatementCreatorUtils      : Setting SQL statement parameter value: column index 1, parameter value [2019/12/30 11:11], value class [java.lang.String], SQL type unknown
2019-04-24 23:18:02.987 TRACE 30984 --- [nio-8080-exec-9] o.s.jdbc.core.StatementCreatorUtils      : Setting SQL statement parameter value: column index 2, parameter value [괛단sample], value class [java.lang.String], SQL type unknown
2019-04-24 23:18:02.987  INFO 30984 --- [nio-8080-exec-9] j.g.s.service.AnswerAttendServiceImpl    : getAnswerAttendance end: {ANSWER_ATTENDANCE=1}
2019-04-24 23:18:02.987  INFO 30984 --- [nio-8080-exec-9] j.g.s.service.AnswerAttendServiceImpl    : getAnswerAttendance start
2019-04-24 23:18:02.987 TRACE 30984 --- [nio-8080-exec-9] o.s.jdbc.core.StatementCreatorUtils      : Setting SQL statement parameter value: column index 1, parameter value [2019/12/31 11:11], value class [java.lang.String], SQL type unknown
2019-04-24 23:18:02.987 TRACE 30984 --- [nio-8080-exec-9] o.s.jdbc.core.StatementCreatorUtils      : Setting SQL statement parameter value: column index 2, parameter value [괛단sample], value class [java.lang.String], SQL type unknown
2019-04-24 23:18:02.987  INFO 30984 --- [nio-8080-exec-9] j.g.s.service.AnswerAttendServiceImpl    : getAnswerAttendance end: {ANSWER_ATTENDANCE=1}
2019-04-24 23:18:02.987  INFO 30984 --- [nio-8080-exec-9] j.g.s.service.AnswerAttendServiceImpl    : getAnswerAttendance start
2019-04-24 23:18:02.987 TRACE 30984 --- [nio-8080-exec-9] o.s.jdbc.core.StatementCreatorUtils      : Setting SQL statement parameter value: column index 1, parameter value [2020/1/1 11:11], value class [java.lang.String], SQL type unknown
2019-04-24 23:18:02.987 TRACE 30984 --- [nio-8080-exec-9] o.s.jdbc.core.StatementCreatorUtils      : Setting SQL statement parameter value: column index 2, parameter value [괛단sample], value class [java.lang.String], SQL type unknown
2019-04-24 23:18:02.988  INFO 30984 --- [nio-8080-exec-9] j.g.s.service.AnswerAttendServiceImpl    : getAnswerAttendance end: {ANSWER_ATTENDANCE=1}
2019-04-24 23:18:02.988  INFO 30984 --- [nio-8080-exec-9] j.g.s.service.AnswerAttendServiceImpl    : getAnswerAttendance start
2019-04-24 23:18:02.988 TRACE 30984 --- [nio-8080-exec-9] o.s.jdbc.core.StatementCreatorUtils      : Setting SQL statement parameter value: column index 1, parameter value [2020/1/2 11:11], value class [java.lang.String], SQL type unknown
2019-04-24 23:18:02.988 TRACE 30984 --- [nio-8080-exec-9] o.s.jdbc.core.StatementCreatorUtils      : Setting SQL statement parameter value: column index 2, parameter value [괛단sample], value class [java.lang.String], SQL type unknown
2019-04-24 23:18:02.988  INFO 30984 --- [nio-8080-exec-9] j.g.s.service.AnswerAttendServiceImpl    : getAnswerAttendance end: {ANSWER_ATTENDANCE=1}
2019-04-24 23:18:02.988  INFO 30984 --- [nio-8080-exec-9] j.g.s.service.AnswerAttendServiceImpl    : getAnswerAttendance start
2019-04-24 23:18:02.988 TRACE 30984 --- [nio-8080-exec-9] o.s.jdbc.core.StatementCreatorUtils      : Setting SQL statement parameter value: column index 1, parameter value [2020/1/3 11:11], value class [java.lang.String], SQL type unknown
2019-04-24 23:18:02.988 TRACE 30984 --- [nio-8080-exec-9] o.s.jdbc.core.StatementCreatorUtils      : Setting SQL statement parameter value: column index 2, parameter value [괛단sample], value class [java.lang.String], SQL type unknown
2019-04-24 23:18:02.988  INFO 30984 --- [nio-8080-exec-9] j.g.s.service.AnswerAttendServiceImpl    : getAnswerAttendance end: {ANSWER_ATTENDANCE=1}
2019-04-24 23:18:02.989  INFO 30984 --- [nio-8080-exec-9] j.g.s.service.AnswerAttendServiceImpl    : getAnswerAttendance start
2019-04-24 23:18:02.989 TRACE 30984 --- [nio-8080-exec-9] o.s.jdbc.core.StatementCreatorUtils      : Setting SQL statement parameter value: column index 1, parameter value [2020/1/4 11:11], value class [java.lang.String], SQL type unknown
2019-04-24 23:18:02.989 TRACE 30984 --- [nio-8080-exec-9] o.s.jdbc.core.StatementCreatorUtils      : Setting SQL statement parameter value: column index 2, parameter value [괛단sample], value class [java.lang.String], SQL type unknown
2019-04-24 23:18:02.989  INFO 30984 --- [nio-8080-exec-9] j.g.s.service.AnswerAttendServiceImpl    : getAnswerAttendance end: {ANSWER_ATTENDANCE=1}
2019-04-24 23:18:02.989  INFO 30984 --- [nio-8080-exec-9] j.g.s.service.AnswerAttendServiceImpl    : getAnswerAttendance start
2019-04-24 23:18:02.989 TRACE 30984 --- [nio-8080-exec-9] o.s.jdbc.core.StatementCreatorUtils      : Setting SQL statement parameter value: column index 1, parameter value [2020/1/5 11:11], value class [java.lang.String], SQL type unknown
2019-04-24 23:18:02.989 TRACE 30984 --- [nio-8080-exec-9] o.s.jdbc.core.StatementCreatorUtils      : Setting SQL statement parameter value: column index 2, parameter value [괛단sample], value class [java.lang.String], SQL type unknown
2019-04-24 23:18:02.989  INFO 30984 --- [nio-8080-exec-9] j.g.s.service.AnswerAttendServiceImpl    : getAnswerAttendance end: {ANSWER_ATTENDANCE=1}
2019-04-24 23:18:02.989  INFO 30984 --- [nio-8080-exec-9] j.g.s.service.AnswerAttendServiceImpl    : getAnswerAttendance start
2019-04-24 23:18:02.989 TRACE 30984 --- [nio-8080-exec-9] o.s.jdbc.core.StatementCreatorUtils      : Setting SQL statement parameter value: column index 1, parameter value [2020/1/6 11:11], value class [java.lang.String], SQL type unknown
2019-04-24 23:18:02.989 TRACE 30984 --- [nio-8080-exec-9] o.s.jdbc.core.StatementCreatorUtils      : Setting SQL statement parameter value: column index 2, parameter value [괛단sample], value class [java.lang.String], SQL type unknown
2019-04-24 23:18:02.989  INFO 30984 --- [nio-8080-exec-9] j.g.s.service.AnswerAttendServiceImpl    : getAnswerAttendance end: {ANSWER_ATTENDANCE=1}
2019-04-24 23:18:02.990  INFO 30984 --- [nio-8080-exec-9] j.g.s.service.AnswerAttendServiceImpl    : getComment start
2019-04-24 23:18:02.990 TRACE 30984 --- [nio-8080-exec-9] o.s.jdbc.core.StatementCreatorUtils      : Setting SQL statement parameter value: column index 1, parameter value [409], value class [java.lang.String], SQL type unknown
2019-04-24 23:18:02.990 TRACE 30984 --- [nio-8080-exec-9] o.s.jdbc.core.StatementCreatorUtils      : Setting SQL statement parameter value: column index 2, parameter value [괛단sample], value class [java.lang.String], SQL type unknown
2019-04-24 23:18:02.990  INFO 30984 --- [nio-8080-exec-9] j.g.s.service.AnswerAttendServiceImpl    : getComment end: {ANSWER_USER_COMMENT=T늮v긖R늮g}
