
  .   ____          _            __ _ _
 /\\ / ___'_ __ _ _(_)_ __  __ _ \ \ \ \
( ( )\___ | '_ | '_| | '_ \/ _` | \ \ \ \
 \\/  ___)| |_)| | | | | || (_| |  ) ) ) )
  '  |____| .__|_| |_|_| |_\__, | / / / /
 =========|_|==============|___/=/_/_/_/
 :: Spring Boot ::        (v2.1.2.RELEASE)

2019-04-23 23:44:55.848  INFO 16424 --- [  restartedMain] j.g.s.ScheduleManagementApplication      : Starting ScheduleManagementApplication on NEC-PC with PID 16424 (C:\Users\NEC\git\ScheduleManagement\ScheduleManagement\target\classes started by NEC in C:\Users\NEC\git\ScheduleManagement\ScheduleManagement)
2019-04-23 23:44:55.851 DEBUG 16424 --- [  restartedMain] j.g.s.ScheduleManagementApplication      : Running with Spring Boot v2.1.2.RELEASE, Spring v5.1.4.RELEASE
2019-04-23 23:44:55.852  INFO 16424 --- [  restartedMain] j.g.s.ScheduleManagementApplication      : No active profile set, falling back to default profiles: default
2019-04-23 23:44:55.954  INFO 16424 --- [  restartedMain] .e.DevToolsPropertyDefaultsPostProcessor : Devtools property defaults active! Set 'spring.devtools.add-properties' to 'false' to disable
2019-04-23 23:44:55.954  INFO 16424 --- [  restartedMain] .e.DevToolsPropertyDefaultsPostProcessor : For additional web related logging consider setting the 'logging.level.web' property to 'DEBUG'
2019-04-23 23:44:58.097  INFO 16424 --- [  restartedMain] o.s.b.w.embedded.tomcat.TomcatWebServer  : Tomcat initialized with port(s): 8080 (http)
2019-04-23 23:44:58.127  INFO 16424 --- [  restartedMain] o.apache.catalina.core.StandardService   : Starting service [Tomcat]
2019-04-23 23:44:58.127  INFO 16424 --- [  restartedMain] org.apache.catalina.core.StandardEngine  : Starting Servlet engine: [Apache Tomcat/9.0.14]
2019-04-23 23:44:58.136  INFO 16424 --- [  restartedMain] o.a.catalina.core.AprLifecycleListener   : The APR based Apache Tomcat Native library which allows optimal performance in production environments was not found on the java.library.path: [C:\Users\NEC\Downloads\pleiades-4.7.3-java-win-64bit-jre_20180411\pleiades\java\8\bin;C:\Windows\Sun\Java\bin;C:\Windows\system32;C:\Windows;C:/Users/NEC/Downloads/pleiades-4.7.3-java-win-64bit-jre_20180411/pleiades/eclipse/jre/bin/../jre/bin/server;C:/Users/NEC/Downloads/pleiades-4.7.3-java-win-64bit-jre_20180411/pleiades/eclipse/jre/bin/../jre/bin;C:/Users/NEC/Downloads/pleiades-4.7.3-java-win-64bit-jre_20180411/pleiades/eclipse/jre/bin/../jre/lib/amd64;C:\Program Files (x86)\Common Files\Intel\Shared Libraries\redist\ia32\compiler;C:\Program Files (x86)\Common Files\Intel\Shared Libraries\redist\intel64\compiler;C:\Program Files (x86)\Common Files\Oracle\Java\javapath;C:\ProgramData\Oracle\Java\javapath;C:\Program Files (x86)\NVIDIA Corporation\PhysX\Common;C:\Program Files\Common Files\Microsoft Shared\Windows Live;C:\Program Files (x86)\Common Files\Microsoft Shared\Windows Live;C:\Program Files (x86)\Intel\iCLS Client\;C:\Program Files\Intel\iCLS Client\;C:\Windows\system32;C:\Windows;C:\Windows\System32\Wbem;C:\Windows\System32\WindowsPowerShell\v1.0\;C:\Program Files\Intel\Intel(R) Management Engine Components\DAL;C:\Program Files\Intel\Intel(R) Management Engine Components\IPT;C:\Program Files (x86)\Intel\Intel(R) Management Engine Components\DAL;C:\Program Files (x86)\Intel\Intel(R) Management Engine Components\IPT;C:\Program Files (x86)\Windows Live\Shared;C:\Program Files (x86)\Intel\OpenCL SDK\2.0\bin\x86;C:\Program Files (x86)\Intel\OpenCL SDK\2.0\bin\x64;C:\Program Files\Intel\WiFi\bin\;C:\Program Files\Common Files\Intel\WirelessCommon\;C:\Program Files (x86)\Common Files\NEC\SmartVision;C:\Program Files\Common Files\NEC\SmartVision;C:\Program Files (x86)\Common Files\Roxio Shared\DLLShared\;C:\Program Files (x86)\Common Files\Roxio Shared\OEM\12.0\DLLShared\;C:\Program Files (x86)\Skype\Phone\;C:\Program Files\Java\jdk1.8.0_181\bin;C:\Users\NEC\Downloads\pleiades-4.7.3-java-win-64bit-jre_20180411\pleiades\eclipse;;.]
2019-04-23 23:44:58.278  INFO 16424 --- [  restartedMain] o.a.c.c.C.[Tomcat].[localhost].[/]       : Initializing Spring embedded WebApplicationContext
2019-04-23 23:44:58.278  INFO 16424 --- [  restartedMain] o.s.web.context.ContextLoader            : Root WebApplicationContext: initialization completed in 2324 ms
2019-04-23 23:44:58.634  INFO 16424 --- [  restartedMain] o.s.s.concurrent.ThreadPoolTaskExecutor  : Initializing ExecutorService 'applicationTaskExecutor'
2019-04-23 23:44:58.924  INFO 16424 --- [  restartedMain] o.s.b.d.a.OptionalLiveReloadServer       : LiveReload server is running on port 35729
2019-04-23 23:44:58.994  INFO 16424 --- [  restartedMain] o.s.b.w.embedded.tomcat.TomcatWebServer  : Tomcat started on port(s): 8080 (http) with context path ''
2019-04-23 23:44:58.999  INFO 16424 --- [  restartedMain] j.g.s.ScheduleManagementApplication      : Started ScheduleManagementApplication in 3.868 seconds (JVM running for 4.83)
2019-04-23 23:45:05.650  INFO 16424 --- [nio-8080-exec-1] o.a.c.c.C.[Tomcat].[localhost].[/]       : Initializing Spring DispatcherServlet 'dispatcherServlet'
2019-04-23 23:45:05.650  INFO 16424 --- [nio-8080-exec-1] o.s.web.servlet.DispatcherServlet        : Initializing Servlet 'dispatcherServlet'
2019-04-23 23:45:05.661  INFO 16424 --- [nio-8080-exec-1] o.s.web.servlet.DispatcherServlet        : Completed initialization in 11 ms
2019-04-23 23:45:05.725  INFO 16424 --- [nio-8080-exec-1] j.g.s.service.AnswerAttendServiceImpl    : eventData start
2019-04-23 23:45:05.731  INFO 16424 --- [nio-8080-exec-1] com.zaxxer.hikari.HikariDataSource       : HikariPool-1 - Starting...
2019-04-23 23:45:05.995  INFO 16424 --- [nio-8080-exec-1] com.zaxxer.hikari.HikariDataSource       : HikariPool-1 - Start completed.
2019-04-23 23:45:06.015 TRACE 16424 --- [nio-8080-exec-1] o.s.jdbc.core.StatementCreatorUtils      : Setting SQL statement parameter value: column index 1, parameter value [TEST], value class [java.lang.String], SQL type unknown
2019-04-23 23:45:06.042 ERROR 16424 --- [nio-8080-exec-1] j.g.s.handler.GlobalExceptionResolver    : イベント情報が見つかりませんでした

java.lang.RuntimeException: イベント情報が見つかりませんでした
	at jp.ganaha.schedulemanagement.service.AnswerAttendServiceImpl.getEventData(AnswerAttendServiceImpl.java:40) ~[classes/:na]
	at jp.ganaha.schedulemanagement.controller.AnswerAttendController.create(AnswerAttendController.java:22) ~[classes/:na]
	at sun.reflect.NativeMethodAccessorImpl.invoke0(Native Method) ~[na:1.8.0_162]
	at sun.reflect.NativeMethodAccessorImpl.invoke(NativeMethodAccessorImpl.java:62) ~[na:1.8.0_162]
	at sun.reflect.DelegatingMethodAccessorImpl.invoke(DelegatingMethodAccessorImpl.java:43) ~[na:1.8.0_162]
	at java.lang.reflect.Method.invoke(Method.java:498) ~[na:1.8.0_162]
	at org.springframework.web.method.support.InvocableHandlerMethod.doInvoke(InvocableHandlerMethod.java:189) ~[spring-web-5.1.4.RELEASE.jar:5.1.4.RELEASE]
	at org.springframework.web.method.support.InvocableHandlerMethod.invokeForRequest(InvocableHandlerMethod.java:138) ~[spring-web-5.1.4.RELEASE.jar:5.1.4.RELEASE]
	at org.springframework.web.servlet.mvc.method.annotation.ServletInvocableHandlerMethod.invokeAndHandle(ServletInvocableHandlerMethod.java:102) ~[spring-webmvc-5.1.4.RELEASE.jar:5.1.4.RELEASE]
	at org.springframework.web.servlet.mvc.method.annotation.RequestMappingHandlerAdapter.invokeHandlerMethod(RequestMappingHandlerAdapter.java:895) ~[spring-webmvc-5.1.4.RELEASE.jar:5.1.4.RELEASE]
	at org.springframework.web.servlet.mvc.method.annotation.RequestMappingHandlerAdapter.handleInternal(RequestMappingHandlerAdapter.java:800) ~[spring-webmvc-5.1.4.RELEASE.jar:5.1.4.RELEASE]
	at org.springframework.web.servlet.mvc.method.AbstractHandlerMethodAdapter.handle(AbstractHandlerMethodAdapter.java:87) ~[spring-webmvc-5.1.4.RELEASE.jar:5.1.4.RELEASE]
	at org.springframework.web.servlet.DispatcherServlet.doDispatch(DispatcherServlet.java:1038) [spring-webmvc-5.1.4.RELEASE.jar:5.1.4.RELEASE]
	at org.springframework.web.servlet.DispatcherServlet.doService(DispatcherServlet.java:942) [spring-webmvc-5.1.4.RELEASE.jar:5.1.4.RELEASE]
	at org.springframework.web.servlet.FrameworkServlet.processRequest(FrameworkServlet.java:1005) [spring-webmvc-5.1.4.RELEASE.jar:5.1.4.RELEASE]
	at org.springframework.web.servlet.FrameworkServlet.doGet(FrameworkServlet.java:897) [spring-webmvc-5.1.4.RELEASE.jar:5.1.4.RELEASE]
	at javax.servlet.http.HttpServlet.service(HttpServlet.java:634) [tomcat-embed-core-9.0.14.jar:9.0.14]
	at org.springframework.web.servlet.FrameworkServlet.service(FrameworkServlet.java:882) [spring-webmvc-5.1.4.RELEASE.jar:5.1.4.RELEASE]
	at javax.servlet.http.HttpServlet.service(HttpServlet.java:741) [tomcat-embed-core-9.0.14.jar:9.0.14]
	at org.apache.catalina.core.ApplicationFilterChain.internalDoFilter(ApplicationFilterChain.java:231) [tomcat-embed-core-9.0.14.jar:9.0.14]
	at org.apache.catalina.core.ApplicationFilterChain.doFilter(ApplicationFilterChain.java:166) [tomcat-embed-core-9.0.14.jar:9.0.14]
	at org.apache.tomcat.websocket.server.WsFilter.doFilter(WsFilter.java:53) [tomcat-embed-websocket-9.0.14.jar:9.0.14]
	at org.apache.catalina.core.ApplicationFilterChain.internalDoFilter(ApplicationFilterChain.java:193) [tomcat-embed-core-9.0.14.jar:9.0.14]
	at org.apache.catalina.core.ApplicationFilterChain.doFilter(ApplicationFilterChain.java:166) [tomcat-embed-core-9.0.14.jar:9.0.14]
	at org.springframework.web.filter.RequestContextFilter.doFilterInternal(RequestContextFilter.java:99) [spring-web-5.1.4.RELEASE.jar:5.1.4.RELEASE]
	at org.springframework.web.filter.OncePerRequestFilter.doFilter(OncePerRequestFilter.java:107) [spring-web-5.1.4.RELEASE.jar:5.1.4.RELEASE]
	at org.apache.catalina.core.ApplicationFilterChain.internalDoFilter(ApplicationFilterChain.java:193) [tomcat-embed-core-9.0.14.jar:9.0.14]
	at org.apache.catalina.core.ApplicationFilterChain.doFilter(ApplicationFilterChain.java:166) [tomcat-embed-core-9.0.14.jar:9.0.14]
	at org.springframework.web.filter.FormContentFilter.doFilterInternal(FormContentFilter.java:92) [spring-web-5.1.4.RELEASE.jar:5.1.4.RELEASE]
	at org.springframework.web.filter.OncePerRequestFilter.doFilter(OncePerRequestFilter.java:107) [spring-web-5.1.4.RELEASE.jar:5.1.4.RELEASE]
	at org.apache.catalina.core.ApplicationFilterChain.internalDoFilter(ApplicationFilterChain.java:193) [tomcat-embed-core-9.0.14.jar:9.0.14]
	at org.apache.catalina.core.ApplicationFilterChain.doFilter(ApplicationFilterChain.java:166) [tomcat-embed-core-9.0.14.jar:9.0.14]
	at org.springframework.web.filter.HiddenHttpMethodFilter.doFilterInternal(HiddenHttpMethodFilter.java:93) [spring-web-5.1.4.RELEASE.jar:5.1.4.RELEASE]
	at org.springframework.web.filter.OncePerRequestFilter.doFilter(OncePerRequestFilter.java:107) [spring-web-5.1.4.RELEASE.jar:5.1.4.RELEASE]
	at org.apache.catalina.core.ApplicationFilterChain.internalDoFilter(ApplicationFilterChain.java:193) [tomcat-embed-core-9.0.14.jar:9.0.14]
	at org.apache.catalina.core.ApplicationFilterChain.doFilter(ApplicationFilterChain.java:166) [tomcat-embed-core-9.0.14.jar:9.0.14]
	at org.springframework.web.filter.CharacterEncodingFilter.doFilterInternal(CharacterEncodingFilter.java:200) [spring-web-5.1.4.RELEASE.jar:5.1.4.RELEASE]
	at org.springframework.web.filter.OncePerRequestFilter.doFilter(OncePerRequestFilter.java:107) [spring-web-5.1.4.RELEASE.jar:5.1.4.RELEASE]
	at org.apache.catalina.core.ApplicationFilterChain.internalDoFilter(ApplicationFilterChain.java:193) [tomcat-embed-core-9.0.14.jar:9.0.14]
	at org.apache.catalina.core.ApplicationFilterChain.doFilter(ApplicationFilterChain.java:166) [tomcat-embed-core-9.0.14.jar:9.0.14]
	at org.apache.catalina.core.StandardWrapperValve.invoke(StandardWrapperValve.java:199) [tomcat-embed-core-9.0.14.jar:9.0.14]
	at org.apache.catalina.core.StandardContextValve.invoke(StandardContextValve.java:96) [tomcat-embed-core-9.0.14.jar:9.0.14]
	at org.apache.catalina.authenticator.AuthenticatorBase.invoke(AuthenticatorBase.java:490) [tomcat-embed-core-9.0.14.jar:9.0.14]
	at org.apache.catalina.core.StandardHostValve.invoke(StandardHostValve.java:139) [tomcat-embed-core-9.0.14.jar:9.0.14]
	at org.apache.catalina.valves.ErrorReportValve.invoke(ErrorReportValve.java:92) [tomcat-embed-core-9.0.14.jar:9.0.14]
	at org.apache.catalina.core.StandardEngineValve.invoke(StandardEngineValve.java:74) [tomcat-embed-core-9.0.14.jar:9.0.14]
	at org.apache.catalina.connector.CoyoteAdapter.service(CoyoteAdapter.java:343) [tomcat-embed-core-9.0.14.jar:9.0.14]
	at org.apache.coyote.http11.Http11Processor.service(Http11Processor.java:408) [tomcat-embed-core-9.0.14.jar:9.0.14]
	at org.apache.coyote.AbstractProcessorLight.process(AbstractProcessorLight.java:66) [tomcat-embed-core-9.0.14.jar:9.0.14]
	at org.apache.coyote.AbstractProtocol$ConnectionHandler.process(AbstractProtocol.java:834) [tomcat-embed-core-9.0.14.jar:9.0.14]
	at org.apache.tomcat.util.net.NioEndpoint$SocketProcessor.doRun(NioEndpoint.java:1417) [tomcat-embed-core-9.0.14.jar:9.0.14]
	at org.apache.tomcat.util.net.SocketProcessorBase.run(SocketProcessorBase.java:49) [tomcat-embed-core-9.0.14.jar:9.0.14]
	at java.util.concurrent.ThreadPoolExecutor.runWorker(ThreadPoolExecutor.java:1149) [na:1.8.0_162]
	at java.util.concurrent.ThreadPoolExecutor$Worker.run(ThreadPoolExecutor.java:624) [na:1.8.0_162]
	at org.apache.tomcat.util.threads.TaskThread$WrappingRunnable.run(TaskThread.java:61) [tomcat-embed-core-9.0.14.jar:9.0.14]
	at java.lang.Thread.run(Thread.java:748) [na:1.8.0_162]
Caused by: org.springframework.dao.EmptyResultDataAccessException: Incorrect result size: expected 1, actual 0
	at org.springframework.dao.support.DataAccessUtils.nullableSingleResult(DataAccessUtils.java:97) ~[spring-tx-5.1.4.RELEASE.jar:5.1.4.RELEASE]
	at org.springframework.jdbc.core.JdbcTemplate.queryForObject(JdbcTemplate.java:784) ~[spring-jdbc-5.1.4.RELEASE.jar:5.1.4.RELEASE]
	at org.springframework.jdbc.core.JdbcTemplate.queryForMap(JdbcTemplate.java:819) ~[spring-jdbc-5.1.4.RELEASE.jar:5.1.4.RELEASE]
	at jp.ganaha.schedulemanagement.db.AnswerAttendAccessor.getEventData(AnswerAttendAccessor.java:23) ~[classes/:na]
	at jp.ganaha.schedulemanagement.service.AnswerAttendServiceImpl.getEventData(AnswerAttendServiceImpl.java:35) ~[classes/:na]
	... 55 common frames omitted

