2019-04-23 22:18:52.518  INFO 28576 --- [  restartedMain] o.a.c.c.C.[Tomcat].[localhost].[/]       : Initializing Spring embedded WebApplicationContext
2019-04-23 22:18:52.518  INFO 28576 --- [  restartedMain] o.s.web.context.ContextLoader            : Root WebApplicationContext: initialization completed in 11687 ms
2019-04-23 22:18:54.734  INFO 28576 --- [  restartedMain] o.s.s.concurrent.ThreadPoolTaskExecutor  : Initializing ExecutorService 'applicationTaskExecutor'
2019-04-23 22:18:57.118  INFO 28576 --- [  restartedMain] o.s.b.d.a.OptionalLiveReloadServer       : LiveReload server is running on port 35729
2019-04-23 22:18:57.368  INFO 28576 --- [  restartedMain] o.s.b.w.embedded.tomcat.TomcatWebServer  : Tomcat started on port(s): 8080 (http) with context path ''
2019-04-23 22:18:57.374  INFO 28576 --- [  restartedMain] j.g.s.ScheduleManagementApplication      : Started ScheduleManagementApplication in 31.642 seconds (JVM running for 42.649)
2019-04-23 22:24:56.276  INFO 28576 --- [nio-8080-exec-1] o.a.c.c.C.[Tomcat].[localhost].[/]       : Initializing Spring DispatcherServlet 'dispatcherServlet'
2019-04-23 22:24:56.277  INFO 28576 --- [nio-8080-exec-1] o.s.web.servlet.DispatcherServlet        : Initializing Servlet 'dispatcherServlet'
2019-04-23 22:24:56.297  INFO 28576 --- [nio-8080-exec-1] o.s.web.servlet.DispatcherServlet        : Completed initialization in 20 ms
2019-04-23 22:25:31.064  INFO 28576 --- [nio-8080-exec-4] j.g.s.service.EventRegistServiceImpl     : getEventUrl start
2019-04-23 22:25:31.107  INFO 28576 --- [nio-8080-exec-4] com.zaxxer.hikari.HikariDataSource       : HikariPool-1 - Starting...
2019-04-23 22:25:31.562  INFO 28576 --- [nio-8080-exec-4] com.zaxxer.hikari.HikariDataSource       : HikariPool-1 - Start completed.
2019-04-23 22:25:31.630 TRACE 28576 --- [nio-8080-exec-4] o.s.jdbc.core.StatementCreatorUtils      : Setting SQL statement parameter value: column index 1, parameter value [ZCfJcUU3BO], value class [java.lang.String], SQL type unknown
2019-04-23 22:25:31.658  INFO 28576 --- [nio-8080-exec-4] j.g.s.service.EventRegistServiceImpl     : eventData end: 0
2019-04-23 22:25:31.670  INFO 28576 --- [nio-8080-exec-4] j.g.s.service.EventRegistServiceImpl     : create start
2019-04-23 22:25:31.672 TRACE 28576 --- [nio-8080-exec-4] o.s.jdbc.core.StatementCreatorUtils      : Setting SQL statement parameter value: column index 1, parameter value [404], value class [java.lang.Integer], SQL type unknown
2019-04-23 22:25:31.673 TRACE 28576 --- [nio-8080-exec-4] o.s.jdbc.core.StatementCreatorUtils      : Setting SQL statement parameter value: column index 2, parameter value [サンプルイベント１１], value class [java.lang.String], SQL type unknown
2019-04-23 22:25:31.673 TRACE 28576 --- [nio-8080-exec-4] o.s.jdbc.core.StatementCreatorUtils      : Setting SQL statement parameter value: column index 3, parameter value [], value class [java.lang.String], SQL type unknown
2019-04-23 22:25:31.673 TRACE 28576 --- [nio-8080-exec-4] o.s.jdbc.core.StatementCreatorUtils      : Setting SQL statement parameter value: column index 4, parameter value [ZCfJcUU3BO], value class [java.lang.String], SQL type unknown
2019-04-23 22:25:31.676  INFO 28576 --- [nio-8080-exec-4] j.g.s.service.EventRegistServiceImpl     : create end: 1
2019-04-23 22:25:31.676  INFO 28576 --- [nio-8080-exec-4] j.g.s.service.EventRegistServiceImpl     : eventDateCount start
2019-04-23 22:25:31.676 TRACE 28576 --- [nio-8080-exec-4] o.s.jdbc.core.StatementCreatorUtils      : Setting SQL statement parameter value: column index 1, parameter value [404], value class [java.lang.Integer], SQL type unknown
2019-04-23 22:25:31.676 TRACE 28576 --- [nio-8080-exec-4] o.s.jdbc.core.StatementCreatorUtils      : Setting SQL statement parameter value: column index 2, parameter value [2019/11/11 11:11], value class [java.lang.String], SQL type unknown
2019-04-23 22:25:31.678  INFO 28576 --- [nio-8080-exec-4] j.g.s.service.EventRegistServiceImpl     : eventDateCount end: 1
2019-04-23 22:25:31.679 TRACE 28576 --- [nio-8080-exec-4] o.s.jdbc.core.StatementCreatorUtils      : Setting SQL statement parameter value: column index 1, parameter value [404], value class [java.lang.Integer], SQL type unknown
2019-04-23 22:25:31.680  INFO 28576 --- [nio-8080-exec-4] j.g.s.service.EventRegistServiceImpl     : create data: {EVENT_ID=404, EVENT_NAME=サンプルイベント１１, EVENT_MEMO=, EVENT_URL=ZCfJcUU3BO}
2019-04-23 22:32:38.147  INFO 28576 --- [nio-8080-exec-8] j.g.s.service.EventRegistServiceImpl     : getEventUrl start
2019-04-23 22:32:38.149 TRACE 28576 --- [nio-8080-exec-8] o.s.jdbc.core.StatementCreatorUtils      : Setting SQL statement parameter value: column index 1, parameter value [AOEHpkLc4J], value class [java.lang.String], SQL type unknown
2019-04-23 22:32:38.150  INFO 28576 --- [nio-8080-exec-8] j.g.s.service.EventRegistServiceImpl     : eventData end: 0
2019-04-23 22:32:38.150  INFO 28576 --- [nio-8080-exec-8] j.g.s.service.EventRegistServiceImpl     : create start
2019-04-23 22:32:38.150 TRACE 28576 --- [nio-8080-exec-8] o.s.jdbc.core.StatementCreatorUtils      : Setting SQL statement parameter value: column index 1, parameter value [405], value class [java.lang.Integer], SQL type unknown
2019-04-23 22:32:38.151 TRACE 28576 --- [nio-8080-exec-8] o.s.jdbc.core.StatementCreatorUtils      : Setting SQL statement parameter value: column index 2, parameter value [サンプルイベント１], value class [java.lang.String], SQL type unknown
2019-04-23 22:32:38.151 TRACE 28576 --- [nio-8080-exec-8] o.s.jdbc.core.StatementCreatorUtils      : Setting SQL statement parameter value: column index 3, parameter value [サンプルメモ], value class [java.lang.String], SQL type unknown
2019-04-23 22:32:38.151 TRACE 28576 --- [nio-8080-exec-8] o.s.jdbc.core.StatementCreatorUtils      : Setting SQL statement parameter value: column index 4, parameter value [AOEHpkLc4J], value class [java.lang.String], SQL type unknown
2019-04-23 22:32:38.152  INFO 28576 --- [nio-8080-exec-8] j.g.s.service.EventRegistServiceImpl     : create end: 1
2019-04-23 22:32:38.152  INFO 28576 --- [nio-8080-exec-8] j.g.s.service.EventRegistServiceImpl     : eventDateCount start
2019-04-23 22:32:38.152 TRACE 28576 --- [nio-8080-exec-8] o.s.jdbc.core.StatementCreatorUtils      : Setting SQL statement parameter value: column index 1, parameter value [405], value class [java.lang.Integer], SQL type unknown
2019-04-23 22:32:38.152 TRACE 28576 --- [nio-8080-exec-8] o.s.jdbc.core.StatementCreatorUtils      : Setting SQL statement parameter value: column index 2, parameter value [2019/11/11 11:11], value class [java.lang.String], SQL type unknown
2019-04-23 22:32:38.153  INFO 28576 --- [nio-8080-exec-8] j.g.s.service.EventRegistServiceImpl     : eventDateCount end: 1
2019-04-23 22:32:38.153 TRACE 28576 --- [nio-8080-exec-8] o.s.jdbc.core.StatementCreatorUtils      : Setting SQL statement parameter value: column index 1, parameter value [405], value class [java.lang.Integer], SQL type unknown
2019-04-23 22:32:38.154  INFO 28576 --- [nio-8080-exec-8] j.g.s.service.EventRegistServiceImpl     : create data: {EVENT_ID=405, EVENT_NAME=サンプルイベント１, EVENT_MEMO=サンプルメモ, EVENT_URL=AOEHpkLc4J}
2019-04-23 22:33:37.376 TRACE 28576 --- [nio-8080-exec-5] o.s.jdbc.core.StatementCreatorUtils      : Setting SQL statement parameter value: column index 1, parameter value [AOEHpkLc4J], value class [java.lang.String], SQL type unknown
2019-04-23 22:33:37.377  INFO 28576 --- [nio-8080-exec-5] j.g.s.service.EventRegistServiceImpl     : event data: {EVENT_ID=405, EVENT_NAME=サンプルイベント１, EVENT_MEMO=サンプルメモ, EVENT_URL=AOEHpkLc4J}
2019-04-23 22:33:37.377  INFO 28576 --- [nio-8080-exec-5] j.g.s.service.EventRegistServiceImpl     : eventDateList start
2019-04-23 22:33:37.378 TRACE 28576 --- [nio-8080-exec-5] o.s.jdbc.core.StatementCreatorUtils      : Setting SQL statement parameter value: column index 1, parameter value [405], value class [java.lang.String], SQL type unknown
2019-04-23 22:33:37.378  INFO 28576 --- [nio-8080-exec-5] j.g.s.service.EventRegistServiceImpl     : eventDateList end: [{EVENT_ID=405, EVENT_DATE_NO=39261, EVENT_DATE=2019/11/11 11:11}]
2019-04-23 22:34:34.299 TRACE 28576 --- [io-8080-exec-10] o.s.jdbc.core.StatementCreatorUtils      : Setting SQL statement parameter value: column index 1, parameter value [405], value class [java.lang.String], SQL type unknown
2019-04-23 22:34:34.303  INFO 28576 --- [io-8080-exec-10] j.g.s.service.EventRegistServiceImpl     : userAnswerCount start
2019-04-23 22:34:34.304 TRACE 28576 --- [io-8080-exec-10] o.s.jdbc.core.StatementCreatorUtils      : Setting SQL statement parameter value: column index 1, parameter value [405], value class [java.lang.String], SQL type unknown
2019-04-23 22:34:34.304 TRACE 28576 --- [io-8080-exec-10] o.s.jdbc.core.StatementCreatorUtils      : Setting SQL statement parameter value: column index 2, parameter value [我那覇１号], value class [java.lang.String], SQL type unknown
2019-04-23 22:34:34.304 TRACE 28576 --- [io-8080-exec-10] o.s.jdbc.core.StatementCreatorUtils      : Setting SQL statement parameter value: column index 3, parameter value [行きます], value class [java.lang.String], SQL type unknown
2019-04-23 22:34:34.305  INFO 28576 --- [io-8080-exec-10] j.g.s.service.EventRegistServiceImpl     : userAnswerCount end: 1
2019-04-23 22:34:34.305  INFO 28576 --- [io-8080-exec-10] j.g.s.service.EventRegistServiceImpl     : AnswerAttendCount start
2019-04-23 22:34:34.305 TRACE 28576 --- [io-8080-exec-10] o.s.jdbc.core.StatementCreatorUtils      : Setting SQL statement parameter value: column index 1, parameter value [405], value class [java.lang.String], SQL type unknown
2019-04-23 22:34:34.306 TRACE 28576 --- [io-8080-exec-10] o.s.jdbc.core.StatementCreatorUtils      : Setting SQL statement parameter value: column index 2, parameter value [我那覇１号], value class [java.lang.String], SQL type unknown
2019-04-23 22:34:34.306 TRACE 28576 --- [io-8080-exec-10] o.s.jdbc.core.StatementCreatorUtils      : Setting SQL statement parameter value: column index 3, parameter value [2019/11/11 11:11], value class [java.lang.String], SQL type unknown
2019-04-23 22:34:34.306 TRACE 28576 --- [io-8080-exec-10] o.s.jdbc.core.StatementCreatorUtils      : Setting SQL statement parameter value: column index 4, parameter value [1], value class [java.lang.String], SQL type unknown
2019-04-23 22:34:34.307  INFO 28576 --- [io-8080-exec-10] j.g.s.service.EventRegistServiceImpl     : AnswerAttendCount end: 1
2019-04-23 22:34:34.377  INFO 28576 --- [nio-8080-exec-1] j.g.s.service.AnswerAttendServiceImpl    : eventData start
2019-04-23 22:34:34.377 TRACE 28576 --- [nio-8080-exec-1] o.s.jdbc.core.StatementCreatorUtils      : Setting SQL statement parameter value: column index 1, parameter value [AOEHpkLc4J], value class [java.lang.String], SQL type unknown
{EVENT_ID=405, EVENT_NAME=サンプルイベント１, EVENT_MEMO=サンプルメモ, EVENT_URL=AOEHpkLc4J}
2019-04-23 22:34:34.378  INFO 28576 --- [nio-8080-exec-1] j.g.s.service.AnswerAttendServiceImpl    : eventData end: {EVENT_ID=405, EVENT_NAME=サンプルイベント１, EVENT_MEMO=サンプルメモ, EVENT_URL=AOEHpkLc4J}
2019-04-23 22:34:34.378  INFO 28576 --- [nio-8080-exec-1] j.g.s.service.AnswerAttendServiceImpl    : answerAttendList start
2019-04-23 22:34:34.378 TRACE 28576 --- [nio-8080-exec-1] o.s.jdbc.core.StatementCreatorUtils      : Setting SQL statement parameter value: column index 1, parameter value [405], value class [java.lang.String], SQL type unknown
2019-04-23 22:34:34.378  INFO 28576 --- [nio-8080-exec-1] j.g.s.service.AnswerAttendServiceImpl    : answerAttendList end: [{EVENT_DATE=2019/11/11 11:11}]
2019-04-23 22:34:34.379  INFO 28576 --- [nio-8080-exec-1] j.g.s.service.AnswerAttendServiceImpl    : answerAttenDanceMaru start
2019-04-23 22:34:34.379 TRACE 28576 --- [nio-8080-exec-1] o.s.jdbc.core.StatementCreatorUtils      : Setting SQL statement parameter value: column index 1, parameter value [2019/11/11 11:11], value class [java.lang.String], SQL type unknown
2019-04-23 22:34:34.379 TRACE 28576 --- [nio-8080-exec-1] o.s.jdbc.core.StatementCreatorUtils      : Setting SQL statement parameter value: column index 2, parameter value [405], value class [java.lang.String], SQL type unknown
2019-04-23 22:34:34.379  INFO 28576 --- [nio-8080-exec-1] j.g.s.service.AnswerAttendServiceImpl    : answerAttenDanceMaru end: {ANSWER_COUNT=1}
2019-04-23 22:34:34.379  INFO 28576 --- [nio-8080-exec-1] j.g.s.service.AnswerAttendServiceImpl    : answerAttenDanceSankaku start
2019-04-23 22:34:34.380 TRACE 28576 --- [nio-8080-exec-1] o.s.jdbc.core.StatementCreatorUtils      : Setting SQL statement parameter value: column index 1, parameter value [2019/11/11 11:11], value class [java.lang.String], SQL type unknown
2019-04-23 22:34:34.380 TRACE 28576 --- [nio-8080-exec-1] o.s.jdbc.core.StatementCreatorUtils      : Setting SQL statement parameter value: column index 2, parameter value [405], value class [java.lang.String], SQL type unknown
2019-04-23 22:34:34.380  INFO 28576 --- [nio-8080-exec-1] j.g.s.service.AnswerAttendServiceImpl    : answerAttenDanceSankaku end: {ANSWER_COUNT=0}
2019-04-23 22:34:34.380  INFO 28576 --- [nio-8080-exec-1] j.g.s.service.AnswerAttendServiceImpl    : answerAttenDanceBatu start
2019-04-23 22:34:34.380 TRACE 28576 --- [nio-8080-exec-1] o.s.jdbc.core.StatementCreatorUtils      : Setting SQL statement parameter value: column index 1, parameter value [2019/11/11 11:11], value class [java.lang.String], SQL type unknown
2019-04-23 22:34:34.380 TRACE 28576 --- [nio-8080-exec-1] o.s.jdbc.core.StatementCreatorUtils      : Setting SQL statement parameter value: column index 2, parameter value [405], value class [java.lang.String], SQL type unknown
2019-04-23 22:34:34.381  INFO 28576 --- [nio-8080-exec-1] j.g.s.service.AnswerAttendServiceImpl    : answerAttenDanceBatu end: {ANSWER_COUNT=0}
2019-04-23 22:34:34.381 TRACE 28576 --- [nio-8080-exec-1] o.s.jdbc.core.StatementCreatorUtils      : Setting SQL statement parameter value: column index 1, parameter value [405], value class [java.lang.String], SQL type unknown
2019-04-23 22:34:34.381  INFO 28576 --- [nio-8080-exec-1] j.g.s.service.AnswerAttendServiceImpl    : getAnswerAttendance start
2019-04-23 22:34:34.382 TRACE 28576 --- [nio-8080-exec-1] o.s.jdbc.core.StatementCreatorUtils      : Setting SQL statement parameter value: column index 1, parameter value [2019/11/11 11:11], value class [java.lang.String], SQL type unknown
2019-04-23 22:34:34.382 TRACE 28576 --- [nio-8080-exec-1] o.s.jdbc.core.StatementCreatorUtils      : Setting SQL statement parameter value: column index 2, parameter value [我那覇１号], value class [java.lang.String], SQL type unknown
2019-04-23 22:34:34.382  INFO 28576 --- [nio-8080-exec-1] j.g.s.service.AnswerAttendServiceImpl    : getAnswerAttendance end: {ANSWER_ATTENDANCE=1}
2019-04-23 22:34:34.489  INFO 28576 --- [nio-8080-exec-1] j.g.s.service.AnswerAttendServiceImpl    : getComment start
2019-04-23 22:34:34.489 TRACE 28576 --- [nio-8080-exec-1] o.s.jdbc.core.StatementCreatorUtils      : Setting SQL statement parameter value: column index 1, parameter value [405], value class [java.lang.String], SQL type unknown
2019-04-23 22:34:34.489 TRACE 28576 --- [nio-8080-exec-1] o.s.jdbc.core.StatementCreatorUtils      : Setting SQL statement parameter value: column index 2, parameter value [我那覇１号], value class [java.lang.String], SQL type unknown
2019-04-23 22:34:34.489  INFO 28576 --- [nio-8080-exec-1] j.g.s.service.AnswerAttendServiceImpl    : getComment end: {ANSWER_USER_COMMENT=行きます}
2019-04-23 22:37:50.126  INFO 28576 --- [on(2)-127.0.0.1] inMXBeanRegistrar$SpringApplicationAdmin : Application shutdown requested.
2019-04-23 22:37:50.134  INFO 28576 --- [on(2)-127.0.0.1] o.s.s.concurrent.ThreadPoolTaskExecutor  : Shutting down ExecutorService 'applicationTaskExecutor'
2019-04-23 22:37:50.135  INFO 28576 --- [on(2)-127.0.0.1] com.zaxxer.hikari.HikariDataSource       : HikariPool-1 - Shutdown initiated...
2019-04-23 22:37:50.142  INFO 28576 --- [on(2)-127.0.0.1] com.zaxxer.hikari.HikariDataSource       : HikariPool-1 - Shutdown completed.
