
  .   ____          _            __ _ _
 /\\ / ___'_ __ _ _(_)_ __  __ _ \ \ \ \
( ( )\___ | '_ | '_| | '_ \/ _` | \ \ \ \
 \\/  ___)| |_)| | | | | || (_| |  ) ) ) )
  '  |____| .__|_| |_|_| |_\__, | / / / /
 =========|_|==============|___/=/_/_/_/
 :: Spring Boot ::        (v2.1.2.RELEASE)

2019-04-23 23:24:59.427  INFO 28752 --- [  restartedMain] j.g.s.ScheduleManagementApplication      : Starting ScheduleManagementApplication on NEC-PC with PID 28752 (C:\Users\NEC\git\ScheduleManagement\ScheduleManagement\target\classes started by NEC in C:\Users\NEC\git\ScheduleManagement\ScheduleManagement)
2019-04-23 23:24:59.480 DEBUG 28752 --- [  restartedMain] j.g.s.ScheduleManagementApplication      : Running with Spring Boot v2.1.2.RELEASE, Spring v5.1.4.RELEASE
2019-04-23 23:24:59.482  INFO 28752 --- [  restartedMain] j.g.s.ScheduleManagementApplication      : No active profile set, falling back to default profiles: default
2019-04-23 23:24:59.624  INFO 28752 --- [  restartedMain] .e.DevToolsPropertyDefaultsPostProcessor : Devtools property defaults active! Set 'spring.devtools.add-properties' to 'false' to disable
2019-04-23 23:24:59.625  INFO 28752 --- [  restartedMain] .e.DevToolsPropertyDefaultsPostProcessor : For additional web related logging consider setting the 'logging.level.web' property to 'DEBUG'
2019-04-23 23:25:02.096  INFO 28752 --- [  restartedMain] o.s.b.w.embedded.tomcat.TomcatWebServer  : Tomcat initialized with port(s): 8080 (http)
2019-04-23 23:25:02.149  INFO 28752 --- [  restartedMain] o.apache.catalina.core.StandardService   : Starting service [Tomcat]
2019-04-23 23:25:02.150  INFO 28752 --- [  restartedMain] org.apache.catalina.core.StandardEngine  : Starting Servlet engine: [Apache Tomcat/9.0.14]
2019-04-23 23:25:02.159  INFO 28752 --- [  restartedMain] o.a.catalina.core.AprLifecycleListener   : The APR based Apache Tomcat Native library which allows optimal performance in production environments was not found on the java.library.path: [C:\Users\NEC\Downloads\pleiades-4.7.3-java-win-64bit-jre_20180411\pleiades\java\8\bin;C:\Windows\Sun\Java\bin;C:\Windows\system32;C:\Windows;C:/Users/NEC/Downloads/pleiades-4.7.3-java-win-64bit-jre_20180411/pleiades/eclipse/jre/bin/../jre/bin/server;C:/Users/NEC/Downloads/pleiades-4.7.3-java-win-64bit-jre_20180411/pleiades/eclipse/jre/bin/../jre/bin;C:/Users/NEC/Downloads/pleiades-4.7.3-java-win-64bit-jre_20180411/pleiades/eclipse/jre/bin/../jre/lib/amd64;C:\Program Files (x86)\Common Files\Intel\Shared Libraries\redist\ia32\compiler;C:\Program Files (x86)\Common Files\Intel\Shared Libraries\redist\intel64\compiler;C:\Program Files (x86)\Common Files\Oracle\Java\javapath;C:\ProgramData\Oracle\Java\javapath;C:\Program Files (x86)\NVIDIA Corporation\PhysX\Common;C:\Program Files\Common Files\Microsoft Shared\Windows Live;C:\Program Files (x86)\Common Files\Microsoft Shared\Windows Live;C:\Program Files (x86)\Intel\iCLS Client\;C:\Program Files\Intel\iCLS Client\;C:\Windows\system32;C:\Windows;C:\Windows\System32\Wbem;C:\Windows\System32\WindowsPowerShell\v1.0\;C:\Program Files\Intel\Intel(R) Management Engine Components\DAL;C:\Program Files\Intel\Intel(R) Management Engine Components\IPT;C:\Program Files (x86)\Intel\Intel(R) Management Engine Components\DAL;C:\Program Files (x86)\Intel\Intel(R) Management Engine Components\IPT;C:\Program Files (x86)\Windows Live\Shared;C:\Program Files (x86)\Intel\OpenCL SDK\2.0\bin\x86;C:\Program Files (x86)\Intel\OpenCL SDK\2.0\bin\x64;C:\Program Files\Intel\WiFi\bin\;C:\Program Files\Common Files\Intel\WirelessCommon\;C:\Program Files (x86)\Common Files\NEC\SmartVision;C:\Program Files\Common Files\NEC\SmartVision;C:\Program Files (x86)\Common Files\Roxio Shared\DLLShared\;C:\Program Files (x86)\Common Files\Roxio Shared\OEM\12.0\DLLShared\;C:\Program Files (x86)\Skype\Phone\;C:\Program Files\Java\jdk1.8.0_181\bin;C:\Users\NEC\Downloads\pleiades-4.7.3-java-win-64bit-jre_20180411\pleiades\eclipse;;.]
2019-04-23 23:25:02.359  INFO 28752 --- [  restartedMain] o.a.c.c.C.[Tomcat].[localhost].[/]       : Initializing Spring embedded WebApplicationContext
2019-04-23 23:25:02.360  INFO 28752 --- [  restartedMain] o.s.web.context.ContextLoader            : Root WebApplicationContext: initialization completed in 2734 ms
2019-04-23 23:25:02.825  INFO 28752 --- [  restartedMain] o.s.s.concurrent.ThreadPoolTaskExecutor  : Initializing ExecutorService 'applicationTaskExecutor'
2019-04-23 23:25:03.210  INFO 28752 --- [  restartedMain] o.s.b.d.a.OptionalLiveReloadServer       : LiveReload server is running on port 35729
2019-04-23 23:25:03.341  INFO 28752 --- [  restartedMain] o.s.b.w.embedded.tomcat.TomcatWebServer  : Tomcat started on port(s): 8080 (http) with context path ''
2019-04-23 23:25:03.345  INFO 28752 --- [  restartedMain] j.g.s.ScheduleManagementApplication      : Started ScheduleManagementApplication in 4.97 seconds (JVM running for 7.219)
2019-04-23 23:25:12.026  INFO 28752 --- [nio-8080-exec-1] o.a.c.c.C.[Tomcat].[localhost].[/]       : Initializing Spring DispatcherServlet 'dispatcherServlet'
2019-04-23 23:25:12.026  INFO 28752 --- [nio-8080-exec-1] o.s.web.servlet.DispatcherServlet        : Initializing Servlet 'dispatcherServlet'
2019-04-23 23:25:12.036  INFO 28752 --- [nio-8080-exec-1] o.s.web.servlet.DispatcherServlet        : Completed initialization in 10 ms
2019-04-23 23:25:12.119  INFO 28752 --- [nio-8080-exec-1] com.zaxxer.hikari.HikariDataSource       : HikariPool-1 - Starting...
2019-04-23 23:25:12.476  INFO 28752 --- [nio-8080-exec-1] com.zaxxer.hikari.HikariDataSource       : HikariPool-1 - Start completed.
2019-04-23 23:25:12.497 TRACE 28752 --- [nio-8080-exec-1] o.s.jdbc.core.StatementCreatorUtils      : Setting SQL statement parameter value: column index 1, parameter value [AOEHpkLc4J], value class [java.lang.String], SQL type unknown
2019-04-23 23:25:12.514  INFO 28752 --- [nio-8080-exec-1] j.g.s.service.EventRegistServiceImpl     : event data: {EVENT_ID=405, EVENT_NAME=ÉTÉìÉvÉãÉCÉxÉìÉgÇP, EVENT_MEMO=ÉTÉìÉvÉãÉÅÉÇ, EVENT_URL=AOEHpkLc4J}
2019-04-23 23:25:12.514  INFO 28752 --- [nio-8080-exec-1] j.g.s.service.EventRegistServiceImpl     : eventDateList start
2019-04-23 23:25:12.515 TRACE 28752 --- [nio-8080-exec-1] o.s.jdbc.core.StatementCreatorUtils      : Setting SQL statement parameter value: column index 1, parameter value [405], value class [java.lang.String], SQL type unknown
2019-04-23 23:25:12.516  INFO 28752 --- [nio-8080-exec-1] j.g.s.service.EventRegistServiceImpl     : eventDateList end: [{EVENT_ID=405, EVENT_DATE_NO=39261, EVENT_DATE=2019/11/11 11:11}]
2019-04-23 23:25:52.263 TRACE 28752 --- [nio-8080-exec-4] o.s.jdbc.core.StatementCreatorUtils      : Setting SQL statement parameter value: column index 1, parameter value [405], value class [java.lang.String], SQL type unknown
2019-04-23 23:25:52.264  INFO 28752 --- [nio-8080-exec-4] j.g.s.service.EventRegistServiceImpl     : userAnswerCount start
2019-04-23 23:25:52.265 TRACE 28752 --- [nio-8080-exec-4] o.s.jdbc.core.StatementCreatorUtils      : Setting SQL statement parameter value: column index 1, parameter value [405], value class [java.lang.String], SQL type unknown
2019-04-23 23:25:52.266 TRACE 28752 --- [nio-8080-exec-4] o.s.jdbc.core.StatementCreatorUtils      : Setting SQL statement parameter value: column index 2, parameter value [â‰ìﬂîeÇSçÜ], value class [java.lang.String], SQL type unknown
2019-04-23 23:25:52.266 TRACE 28752 --- [nio-8080-exec-4] o.s.jdbc.core.StatementCreatorUtils      : Setting SQL statement parameter value: column index 3, parameter value [ÉTÉìÉvÉãÇ±ÇﬂÇÒÇ∆], value class [java.lang.String], SQL type unknown
2019-04-23 23:25:52.279  INFO 28752 --- [nio-8080-exec-4] j.g.s.service.EventRegistServiceImpl     : userAnswerCount end: 1
2019-04-23 23:25:52.280  INFO 28752 --- [nio-8080-exec-4] j.g.s.service.EventRegistServiceImpl     : AnswerAttendCount start
2019-04-23 23:25:52.280 TRACE 28752 --- [nio-8080-exec-4] o.s.jdbc.core.StatementCreatorUtils      : Setting SQL statement parameter value: column index 1, parameter value [405], value class [java.lang.String], SQL type unknown
2019-04-23 23:25:52.280 TRACE 28752 --- [nio-8080-exec-4] o.s.jdbc.core.StatementCreatorUtils      : Setting SQL statement parameter value: column index 2, parameter value [â‰ìﬂîeÇSçÜ], value class [java.lang.String], SQL type unknown
2019-04-23 23:25:52.280 TRACE 28752 --- [nio-8080-exec-4] o.s.jdbc.core.StatementCreatorUtils      : Setting SQL statement parameter value: column index 3, parameter value [2019/11/11 11:11], value class [java.lang.String], SQL type unknown
2019-04-23 23:25:52.280 TRACE 28752 --- [nio-8080-exec-4] o.s.jdbc.core.StatementCreatorUtils      : Setting SQL statement parameter value: column index 4, parameter value [1], value class [java.lang.String], SQL type unknown
2019-04-23 23:25:52.283  INFO 28752 --- [nio-8080-exec-4] j.g.s.service.EventRegistServiceImpl     : AnswerAttendCount end: 1
2019-04-23 23:25:52.303  INFO 28752 --- [nio-8080-exec-5] j.g.s.service.AnswerAttendServiceImpl    : eventData start
2019-04-23 23:25:52.303 TRACE 28752 --- [nio-8080-exec-5] o.s.jdbc.core.StatementCreatorUtils      : Setting SQL statement parameter value: column index 1, parameter value [AOEHpkLc4J], value class [java.lang.String], SQL type unknown
{EVENT_ID=405, EVENT_NAME=ÉTÉìÉvÉãÉCÉxÉìÉgÇP, EVENT_MEMO=ÉTÉìÉvÉãÉÅÉÇ, EVENT_URL=AOEHpkLc4J}
2019-04-23 23:25:52.304  INFO 28752 --- [nio-8080-exec-5] j.g.s.service.AnswerAttendServiceImpl    : eventData end: {EVENT_ID=405, EVENT_NAME=ÉTÉìÉvÉãÉCÉxÉìÉgÇP, EVENT_MEMO=ÉTÉìÉvÉãÉÅÉÇ, EVENT_URL=AOEHpkLc4J}
2019-04-23 23:25:52.304  INFO 28752 --- [nio-8080-exec-5] j.g.s.service.AnswerAttendServiceImpl    : answerAttendList start
2019-04-23 23:25:52.304 TRACE 28752 --- [nio-8080-exec-5] o.s.jdbc.core.StatementCreatorUtils      : Setting SQL statement parameter value: column index 1, parameter value [405], value class [java.lang.String], SQL type unknown
2019-04-23 23:25:52.305  INFO 28752 --- [nio-8080-exec-5] j.g.s.service.AnswerAttendServiceImpl    : answerAttendList end: [{EVENT_DATE=2019/11/11 11:11}]
2019-04-23 23:25:52.305  INFO 28752 --- [nio-8080-exec-5] j.g.s.service.AnswerAttendServiceImpl    : answerAttenDanceMaru start
2019-04-23 23:25:52.307 TRACE 28752 --- [nio-8080-exec-5] o.s.jdbc.core.StatementCreatorUtils      : Setting SQL statement parameter value: column index 1, parameter value [2019/11/11 11:11], value class [java.lang.String], SQL type unknown
2019-04-23 23:25:52.308 TRACE 28752 --- [nio-8080-exec-5] o.s.jdbc.core.StatementCreatorUtils      : Setting SQL statement parameter value: column index 2, parameter value [405], value class [java.lang.String], SQL type unknown
2019-04-23 23:25:52.310  INFO 28752 --- [nio-8080-exec-5] j.g.s.service.AnswerAttendServiceImpl    : answerAttenDanceMaru end: {ANSWER_COUNT=2}
2019-04-23 23:25:52.311  INFO 28752 --- [nio-8080-exec-5] j.g.s.service.AnswerAttendServiceImpl    : answerAttenDanceSankaku start
2019-04-23 23:25:52.311 TRACE 28752 --- [nio-8080-exec-5] o.s.jdbc.core.StatementCreatorUtils      : Setting SQL statement parameter value: column index 1, parameter value [2019/11/11 11:11], value class [java.lang.String], SQL type unknown
2019-04-23 23:25:52.311 TRACE 28752 --- [nio-8080-exec-5] o.s.jdbc.core.StatementCreatorUtils      : Setting SQL statement parameter value: column index 2, parameter value [405], value class [java.lang.String], SQL type unknown
2019-04-23 23:25:52.311  INFO 28752 --- [nio-8080-exec-5] j.g.s.service.AnswerAttendServiceImpl    : answerAttenDanceSankaku end: {ANSWER_COUNT=0}
2019-04-23 23:25:52.312  INFO 28752 --- [nio-8080-exec-5] j.g.s.service.AnswerAttendServiceImpl    : answerAttenDanceBatu start
2019-04-23 23:25:52.312 TRACE 28752 --- [nio-8080-exec-5] o.s.jdbc.core.StatementCreatorUtils      : Setting SQL statement parameter value: column index 1, parameter value [2019/11/11 11:11], value class [java.lang.String], SQL type unknown
2019-04-23 23:25:52.312 TRACE 28752 --- [nio-8080-exec-5] o.s.jdbc.core.StatementCreatorUtils      : Setting SQL statement parameter value: column index 2, parameter value [405], value class [java.lang.String], SQL type unknown
2019-04-23 23:25:52.312  INFO 28752 --- [nio-8080-exec-5] j.g.s.service.AnswerAttendServiceImpl    : answerAttenDanceBatu end: {ANSWER_COUNT=0}
2019-04-23 23:25:52.313 TRACE 28752 --- [nio-8080-exec-5] o.s.jdbc.core.StatementCreatorUtils      : Setting SQL statement parameter value: column index 1, parameter value [405], value class [java.lang.String], SQL type unknown
2019-04-23 23:25:52.314  INFO 28752 --- [nio-8080-exec-5] j.g.s.service.AnswerAttendServiceImpl    : getAnswerAttendance start
2019-04-23 23:25:52.314 TRACE 28752 --- [nio-8080-exec-5] o.s.jdbc.core.StatementCreatorUtils      : Setting SQL statement parameter value: column index 1, parameter value [2019/11/11 11:11], value class [java.lang.String], SQL type unknown
2019-04-23 23:25:52.314 TRACE 28752 --- [nio-8080-exec-5] o.s.jdbc.core.StatementCreatorUtils      : Setting SQL statement parameter value: column index 2, parameter value [â‰ìﬂîeÇPçÜ], value class [java.lang.String], SQL type unknown
2019-04-23 23:25:52.315  INFO 28752 --- [nio-8080-exec-5] j.g.s.service.AnswerAttendServiceImpl    : getAnswerAttendance end: {ANSWER_ATTENDANCE=1}
2019-04-23 23:25:52.318  INFO 28752 --- [nio-8080-exec-5] j.g.s.service.AnswerAttendServiceImpl    : getComment start
2019-04-23 23:25:52.319 TRACE 28752 --- [nio-8080-exec-5] o.s.jdbc.core.StatementCreatorUtils      : Setting SQL statement parameter value: column index 1, parameter value [405], value class [java.lang.String], SQL type unknown
2019-04-23 23:25:52.319 TRACE 28752 --- [nio-8080-exec-5] o.s.jdbc.core.StatementCreatorUtils      : Setting SQL statement parameter value: column index 2, parameter value [â‰ìﬂîeÇPçÜ], value class [java.lang.String], SQL type unknown
2019-04-23 23:25:52.319  INFO 28752 --- [nio-8080-exec-5] j.g.s.service.AnswerAttendServiceImpl    : getComment end: {ANSWER_USER_COMMENT=çsÇ´Ç‹Ç∑}
2019-04-23 23:25:52.319  INFO 28752 --- [nio-8080-exec-5] j.g.s.service.AnswerAttendServiceImpl    : getAnswerAttendance start
2019-04-23 23:25:52.320 TRACE 28752 --- [nio-8080-exec-5] o.s.jdbc.core.StatementCreatorUtils      : Setting SQL statement parameter value: column index 1, parameter value [2019/11/11 11:11], value class [java.lang.String], SQL type unknown
2019-04-23 23:25:52.320 TRACE 28752 --- [nio-8080-exec-5] o.s.jdbc.core.StatementCreatorUtils      : Setting SQL statement parameter value: column index 2, parameter value [â‰ìﬂîeÇSçÜ], value class [java.lang.String], SQL type unknown
2019-04-23 23:25:52.320  INFO 28752 --- [nio-8080-exec-5] j.g.s.service.AnswerAttendServiceImpl    : getAnswerAttendance end: {ANSWER_ATTENDANCE=1}
2019-04-23 23:25:52.320  INFO 28752 --- [nio-8080-exec-5] j.g.s.service.AnswerAttendServiceImpl    : getComment start
2019-04-23 23:25:52.320 TRACE 28752 --- [nio-8080-exec-5] o.s.jdbc.core.StatementCreatorUtils      : Setting SQL statement parameter value: column index 1, parameter value [405], value class [java.lang.String], SQL type unknown
2019-04-23 23:25:52.320 TRACE 28752 --- [nio-8080-exec-5] o.s.jdbc.core.StatementCreatorUtils      : Setting SQL statement parameter value: column index 2, parameter value [â‰ìﬂîeÇSçÜ], value class [java.lang.String], SQL type unknown
2019-04-23 23:25:52.320  INFO 28752 --- [nio-8080-exec-5] j.g.s.service.AnswerAttendServiceImpl    : getComment end: {ANSWER_USER_COMMENT=ÉTÉìÉvÉãÇ±ÇﬂÇÒÇ∆}
